<?xml version="1.0" encoding="UTF-8"?>
<!-- Generated by org.testng.reporters.JUnitXMLReporter -->
<testsuite ignored="0" hostname="DESKTOP-8OK9CKQ" failures="0" tests="15" name="Invalid Tests" time="24.564" errors="0" timestamp="2026-02-12T22:44:29 EET">
  <testcase classname="org.example.tests_scripts.InvalidTests" name="EditItemCustomer" time="4.347"/>
  <testcase classname="org.example.tests_scripts.InvalidTests" name="DeleteNotFoundItem" time="4.325"/>
  <testcase classname="org.example.tests_scripts.InvalidTests" name="EditItemWithNegativePrice" time="4.034"/>
  <testcase classname="org.example.tests_scripts.InvalidTests" name="EditNotFoundItem" time="4.04"/>
  <testcase classname="org.example.tests_scripts.InvalidTests" name="LoginWithEmptyUserName" time="2.025"/>
  <testcase classname="org.example.tests_scripts.InvalidTests" name="LoginWithInvalidPassword" time="2.05"/>
  <testcase classname="org.example.tests_scripts.InvalidTests" name="LoginWithMissingUserName" time="2.016"/>
  <testcase classname="org.example.tests_scripts.InvalidTests" name="createItemCustomer" time="4.026"/>
  <testcase classname="org.example.tests_scripts.InvalidTests" name="createItemWithMissingName" time="4.031"/>
  <testcase classname="org.example.tests_scripts.InvalidTests" name="createItemWithNegativePrice" time="4.03"/>
  <testcase classname="org.example.tests_scripts.InvalidTests" name="createOrderWithoutCustomerId" time="4.034"/>
  <testcase classname="org.example.tests_scripts.InvalidTests" name="deleteItemCustomer" time="4.025"/>
  <testcase classname="org.example.tests_scripts.InvalidTests" name="getItemsUnAuthorized" time="2.028"/>
  <testcase classname="org.example.tests_scripts.InvalidTests" name="invalidCredentialsTest" time="2.012"/>
  <testcase classname="org.example.tests_scripts.InvalidTests" name="specialChUserNameTest" time="2.014"/>
</testsuite> <!-- Invalid Tests -->
