<?xml version="1.0" encoding="UTF-8"?>
<testsuite xmlns:xsi="http://www.w3.org/2001/XMLSchema-instance" xsi:noNamespaceSchemaLocation="https://maven.apache.org/surefire/maven-surefire-plugin/xsd/surefire-test-report.xsd" version="3.0.2" name="TestSuite" time="102.282" tests="55" errors="0" skipped="0" failures="0">
  <properties>
[...]
</properties>
  <testcase name="DeleteNotFoundItem" classname="org.example.tests_scripts.InvalidTests" time="4.354">
    <system-out><![CDATA[22:44:04.772 [main] DEBUG org.testng.TestNG -- suiteXmlPath: "D:\ITI_Courses\API Testing\untitled\testing.xml"
=== Starting flow ===
Admin: admin
Customer: user3
HTTP/1.1 200 OK
X-Powered-By: Express
Content-Type: application/json; charset=utf-8
Content-Length: 203
ETag: W/"cb-rQ5XyMtG8F41qmvVB2ZL6JGbNmg"
Date: Thu, 12 Feb 2026 20:44:05 GMT
Connection: keep-alive
Keep-Alive: timeout=5

{
    "token": "eyJhbGciOiJIUzI1NiIsInR5cCI6IkpXVCJ9.eyJpZCI6ImFkbWluIiwidXNlcm5hbWUiOiJhZG1pbiIsInJvbGUiOiJhZG1pbiIsImlhdCI6MTc3MDkyOTA0NSwiZXhwIjoxNzcwOTMyNjQ1fQ.WwwDMK-PZYIahkF-6DhniG48tb62jGrU8yIYbnZqCiA"
}
HTTP/1.1 200 OK
X-Powered-By: Express
Content-Type: application/json; charset=utf-8
Content-Length: 207
ETag: W/"cf-Z5/sdLFaIvpE56fR2d0tcUSwhOQ"
Date: Thu, 12 Feb 2026 20:44:07 GMT
Connection: keep-alive
Keep-Alive: timeout=5

{
    "token": "eyJhbGciOiJIUzI1NiIsInR5cCI6IkpXVCJ9.eyJpZCI6InVzZXIzIiwidXNlcm5hbWUiOiJ1c2VyMyIsInJvbGUiOiJjdXN0b21lciIsImlhdCI6MTc3MDkyOTA0NywiZXhwIjoxNzcwOTMyNjQ3fQ.Ot-OZn4RsVJdBP47wlCPoRl8WPeDsMPjX7xTMv41wek"
}
HTTP/1.1 404 Not Found
X-Powered-By: Express
Content-Type: application/json; charset=utf-8
Content-Length: 44
ETag: W/"2c-IosOM8QPcajIkPf0M6Vv9DSDBkc"
Date: Thu, 12 Feb 2026 20:44:09 GMT
Connection: keep-alive
Keep-Alive: timeout=5

{
    "error": "Item with ID 17723123 not found."
}
HTTP/1.1 403 Forbidden
X-Powered-By: Express
Content-Type: application/json; charset=utf-8
Content-Length: 53
ETag: W/"35-XILJp5lq2b9BMNZSS0EI//AGVOE"
Date: Thu, 12 Feb 2026 20:44:09 GMT
Connection: keep-alive
Keep-Alive: timeout=5

{
    "error": "Forbidden: customer does not have access."
}
]]></system-out>
  </testcase>
  <testcase name="EditItemCustomer" classname="org.example.tests_scripts.InvalidTests" time="4.356"/>
  <testcase name="EditItemWithNegativePrice" classname="org.example.tests_scripts.InvalidTests" time="3.578">
    <system-out><![CDATA[Test End
=== Starting flow ===
Admin: admin
Customer: user1
HTTP/1.1 200 OK
X-Powered-By: Express
Content-Type: application/json; charset=utf-8
Content-Length: 203
ETag: W/"cb-WAJ2vINwEaXV712MYXRYJvD5KqY"
Date: Thu, 12 Feb 2026 20:44:11 GMT
Connection: keep-alive
Keep-Alive: timeout=5

{
    "token": "eyJhbGciOiJIUzI1NiIsInR5cCI6IkpXVCJ9.eyJpZCI6ImFkbWluIiwidXNlcm5hbWUiOiJhZG1pbiIsInJvbGUiOiJhZG1pbiIsImlhdCI6MTc3MDkyOTA1MSwiZXhwIjoxNzcwOTMyNjUxfQ.2um3rV5WI-fUx6QHnDOV7I98U_o69zRW-lDAbE5PgYY"
}
HTTP/1.1 400 Bad Request
X-Powered-By: Express
Content-Type: application/json; charset=utf-8
Content-Length: 44
ETag: W/"2c-93+J+zBvUlzJHc625UW+iNpsmvw"
Date: Thu, 12 Feb 2026 20:44:13 GMT
Connection: keep-alive
Keep-Alive: timeout=5

{
    "error": "Price must be a positive number."
}
]]></system-out>
  </testcase>
  <testcase name="EditNotFoundItem" classname="org.example.tests_scripts.InvalidTests" time="0.005">
    <system-out><![CDATA[HTTP/1.1 404 Not Found
X-Powered-By: Express
Content-Type: application/json; charset=utf-8
Content-Length: 44
ETag: W/"2c-IosOM8QPcajIkPf0M6Vv9DSDBkc"
Date: Thu, 12 Feb 2026 20:44:13 GMT
Connection: keep-alive
Keep-Alive: timeout=5

{
    "error": "Item with ID 17723123 not found."
}
]]></system-out>
  </testcase>
  <testcase name="LoginWithEmptyUserName" classname="org.example.tests_scripts.InvalidTests" time="2.021">
    <system-out><![CDATA[HTTP/1.1 200 OK
X-Powered-By: Express
Content-Type: application/json; charset=utf-8
Content-Length: 207
ETag: W/"cf-o5nBIhPAMDpajjR2yLZqFoz7PW8"
Date: Thu, 12 Feb 2026 20:44:13 GMT
Connection: keep-alive
Keep-Alive: timeout=5

{
    "token": "eyJhbGciOiJIUzI1NiIsInR5cCI6IkpXVCJ9.eyJpZCI6InVzZXIxIiwidXNlcm5hbWUiOiJ1c2VyMSIsInJvbGUiOiJjdXN0b21lciIsImlhdCI6MTc3MDkyOTA1MywiZXhwIjoxNzcwOTMyNjUzfQ.JwugPqXa5fkEGK8Tv6X0CxlJTvF7Wyv0alGy2InXd5o"
}
HTTP/1.1 400 Bad Request
X-Powered-By: Express
Content-Type: application/json; charset=utf-8
Content-Length: 37
ETag: W/"25-rib9UiTsfLr/K8ABGoeQO+lKasg"
Date: Thu, 12 Feb 2026 20:44:15 GMT
Connection: keep-alive
Keep-Alive: timeout=5

{
    "error": "Username cannot be empty."
}
]]></system-out>
  </testcase>
  <testcase name="LoginWithInvalidPassword" classname="org.example.tests_scripts.InvalidTests" time="0.031">
    <system-out><![CDATA[HTTP/1.1 400 Bad Request
X-Powered-By: Express
Content-Type: application/json; charset=utf-8
Content-Length: 55
ETag: W/"37-8WtzNA5f6RfJF6Y11DGPQ6FUM+Q"
Date: Thu, 12 Feb 2026 20:44:15 GMT
Connection: keep-alive
Keep-Alive: timeout=5

{
    "error": "Password should have a minimum length of 6."
}
]]></system-out>
  </testcase>
  <testcase name="LoginWithMissingUserName" classname="org.example.tests_scripts.InvalidTests" time="1.568">
    <system-out><![CDATA[HTTP/1.1 400 Bad Request
X-Powered-By: Express
Content-Type: application/json; charset=utf-8
Content-Length: 33
ETag: W/"21-WmvJtKxIZk5GUvJRhgmwqu9El3Y"
Date: Thu, 12 Feb 2026 20:44:17 GMT
Connection: keep-alive
Keep-Alive: timeout=5

{
    "error": "Username is required."
}
]]></system-out>
  </testcase>
  <testcase name="createItemCustomer" classname="org.example.tests_scripts.InvalidTests" time="2.038">
    <system-out><![CDATA[Test End
=== Starting flow ===
Admin: admin
Customer: user2
HTTP/1.1 200 OK
X-Powered-By: Express
Content-Type: application/json; charset=utf-8
Content-Length: 203
ETag: W/"cb-ou1s6Iefg+02LaIS9Ac7AlHzAGc"
Date: Thu, 12 Feb 2026 20:44:18 GMT
Connection: keep-alive
Keep-Alive: timeout=5

{
    "token": "eyJhbGciOiJIUzI1NiIsInR5cCI6IkpXVCJ9.eyJpZCI6ImFkbWluIiwidXNlcm5hbWUiOiJhZG1pbiIsInJvbGUiOiJhZG1pbiIsImlhdCI6MTc3MDkyOTA1OCwiZXhwIjoxNzcwOTMyNjU4fQ.TqV3ULpuGrpW55IrIbqdoJIlW0cjavv6bkgnExOEPD8"
}
HTTP/1.1 403 Forbidden
X-Powered-By: Express
Content-Type: application/json; charset=utf-8
Content-Length: 53
ETag: W/"35-XILJp5lq2b9BMNZSS0EI//AGVOE"
Date: Thu, 12 Feb 2026 20:44:19 GMT
Connection: keep-alive
Keep-Alive: timeout=5

{
    "error": "Forbidden: customer does not have access."
}
]]></system-out>
  </testcase>
  <testcase name="createItemWithMissingName" classname="org.example.tests_scripts.InvalidTests" time="1.992">
    <system-out><![CDATA[HTTP/1.1 200 OK
X-Powered-By: Express
Content-Type: application/json; charset=utf-8
Content-Length: 207
ETag: W/"cf-oy0HVEc//rmid0qg/AqiVCZVKiQ"
Date: Thu, 12 Feb 2026 20:44:20 GMT
Connection: keep-alive
Keep-Alive: timeout=5

{
    "token": "eyJhbGciOiJIUzI1NiIsInR5cCI6IkpXVCJ9.eyJpZCI6InVzZXIyIiwidXNlcm5hbWUiOiJ1c2VyMiIsInJvbGUiOiJjdXN0b21lciIsImlhdCI6MTc3MDkyOTA2MCwiZXhwIjoxNzcwOTMyNjYwfQ.e-sRVPMhoSC8eZTyldINEPLVCexQhUJLXyX8s-HImTs"
}
HTTP/1.1 400 Bad Request
X-Powered-By: Express
Content-Type: application/json; charset=utf-8
Content-Length: 34
ETag: W/"22-597SukoistYphSRe3+6iaA6I1Dg"
Date: Thu, 12 Feb 2026 20:44:21 GMT
Connection: keep-alive
Keep-Alive: timeout=5

{
    "error": "Item name is required."
}
]]></system-out>
  </testcase>
  <testcase name="createItemWithNegativePrice" classname="org.example.tests_scripts.InvalidTests" time="1.592">
    <system-out><![CDATA[HTTP/1.1 400 Bad Request
X-Powered-By: Express
Content-Type: application/json; charset=utf-8
Content-Length: 44
ETag: W/"2c-93+J+zBvUlzJHc625UW+iNpsmvw"
Date: Thu, 12 Feb 2026 20:44:23 GMT
Connection: keep-alive
Keep-Alive: timeout=5

{
    "error": "Price must be a positive number."
}
]]></system-out>
  </testcase>
  <testcase name="createOrderWithoutCustomerId" classname="org.example.tests_scripts.InvalidTests" time="1.996">
    <system-out><![CDATA[Test End
=== Starting flow ===
Admin: admin
Customer: user4
HTTP/1.1 200 OK
X-Powered-By: Express
Content-Type: application/json; charset=utf-8
Content-Length: 203
ETag: W/"cb-jmwg9Q24uuSdRXQfeocCYtCabP8"
Date: Thu, 12 Feb 2026 20:44:24 GMT
Connection: keep-alive
Keep-Alive: timeout=5

{
    "token": "eyJhbGciOiJIUzI1NiIsInR5cCI6IkpXVCJ9.eyJpZCI6ImFkbWluIiwidXNlcm5hbWUiOiJhZG1pbiIsInJvbGUiOiJhZG1pbiIsImlhdCI6MTc3MDkyOTA2NCwiZXhwIjoxNzcwOTMyNjY0fQ.2LUWJNEu5bcoT-uxNF_xKZzV0lLy8IXgujV8LKHB_F0"
}
HTTP/1.1 400 Bad Request
X-Powered-By: Express
Content-Type: application/json; charset=utf-8
Content-Length: 36
ETag: W/"24-n5cux2qylAozz3qa4KibD1LQ23k"
Date: Thu, 12 Feb 2026 20:44:25 GMT
Connection: keep-alive
Keep-Alive: timeout=5

{
    "error": "Customer ID is required."
}
]]></system-out>
  </testcase>
  <testcase name="deleteItemCustomer" classname="org.example.tests_scripts.InvalidTests" time="2.028">
    <system-out><![CDATA[HTTP/1.1 200 OK
X-Powered-By: Express
Content-Type: application/json; charset=utf-8
Content-Length: 207
ETag: W/"cf-X6Z0UYHsLm8vaNjIQlCesGx8Y98"
Date: Thu, 12 Feb 2026 20:44:26 GMT
Connection: keep-alive
Keep-Alive: timeout=5

{
    "token": "eyJhbGciOiJIUzI1NiIsInR5cCI6IkpXVCJ9.eyJpZCI6InVzZXI0IiwidXNlcm5hbWUiOiJ1c2VyNCIsInJvbGUiOiJjdXN0b21lciIsImlhdCI6MTc3MDkyOTA2NiwiZXhwIjoxNzcwOTMyNjY2fQ.RHXNIh_IZC6nxbTRY86lmTBuQqj9_9MwZKDe1OxuMmw"
}
HTTP/1.1 403 Forbidden
X-Powered-By: Express
Content-Type: application/json; charset=utf-8
Content-Length: 53
ETag: W/"35-XILJp5lq2b9BMNZSS0EI//AGVOE"
Date: Thu, 12 Feb 2026 20:44:27 GMT
Connection: keep-alive
Keep-Alive: timeout=5

{
    "error": "Forbidden: customer does not have access."
}
]]></system-out>
  </testcase>
  <testcase name="getItemsUnAuthorized" classname="org.example.tests_scripts.InvalidTests" time="0.001">
    <system-out><![CDATA[HTTP/1.1 401 Unauthorized
X-Powered-By: Express
WWW-Authenticate: Basic realm="AdminArea"
Content-Type: text/html; charset=utf-8
Content-Length: 0
ETag: W/"0-2jmj7l5rSw0yVb/vlWAYkK/YBwk"
Date: Thu, 12 Feb 2026 20:44:27 GMT
Connection: keep-alive
Keep-Alive: timeout=5
]]></system-out>
  </testcase>
  <testcase name="invalidCredentialsTest" classname="org.example.tests_scripts.InvalidTests" time="1.589">
    <system-out><![CDATA[HTTP/1.1 401 Unauthorized
X-Powered-By: Express
Content-Type: application/json; charset=utf-8
Content-Length: 31
ETag: W/"1f-mRYQ6Yx/raK/ssDeWseqQCiH0yM"
Date: Thu, 12 Feb 2026 20:44:29 GMT
Connection: keep-alive
Keep-Alive: timeout=5

{
    "error": "Invalid credentials"
}
]]></system-out>
  </testcase>
  <testcase name="specialChUserNameTest" classname="org.example.tests_scripts.InvalidTests" time="1.589">
    <system-out><![CDATA[HTTP/1.1 400 Bad Request
X-Powered-By: Express
Content-Type: application/json; charset=utf-8
Content-Length: 63
ETag: W/"3f-wSjGRIWMqasgV2RF12MmK7RRspI"
Date: Thu, 12 Feb 2026 20:44:29 GMT
Connection: keep-alive
Keep-Alive: timeout=5

{
    "error": "Username must contain only alphanumeric characters."
}
]]></system-out>
  </testcase>
  <testcase name="addItemsTest" classname="org.example.tests_scripts.ValidTests" time="2.022">
    <system-out><![CDATA[HTTP/1.1 201 Created
X-Powered-By: Express
Content-Type: application/json; charset=utf-8
Content-Length: 98
ETag: W/"62-QL2Bnz9Hf/ddramdEGCKd8e6Wb4"
Date: Thu, 12 Feb 2026 20:44:11 GMT
Connection: keep-alive
Keep-Alive: timeout=5

{
    "id": "1770929051932",
    "name": "phone",
    "description": "This is a new phone",
    "price": 10000,
    "stock": 10
}
]]></system-out>
  </testcase>
  <testcase name="addItemsTest" classname="org.example.tests_scripts.ValidTests" time="0.45">
    <system-out><![CDATA[HTTP/1.1 201 Created
X-Powered-By: Express
Content-Type: application/json; charset=utf-8
Content-Length: 98
ETag: W/"62-RBj8K96CT7sSyk/HmuROi4/rKYA"
Date: Thu, 12 Feb 2026 20:44:17 GMT
Connection: keep-alive
Keep-Alive: timeout=5

{
    "id": "1770929057983",
    "name": "phone",
    "description": "This is a new phone",
    "price": 10000,
    "stock": 10
}
]]></system-out>
  </testcase>
  <testcase name="addItemsTest" classname="org.example.tests_scripts.ValidTests" time="0.421">
    <system-out><![CDATA[HTTP/1.1 201 Created
X-Powered-By: Express
Content-Type: application/json; charset=utf-8
Content-Length: 98
ETag: W/"62-HTTqqp/MXKaKNgN4heHWLclb/Ww"
Date: Thu, 12 Feb 2026 20:44:24 GMT
Connection: keep-alive
Keep-Alive: timeout=5

{
    "id": "1770929064026",
    "name": "phone",
    "description": "This is a new phone",
    "price": 10000,
    "stock": 10
}
]]></system-out>
  </testcase>
  <testcase name="addItemsTest" classname="org.example.tests_scripts.ValidTests" time="2.013">
    <system-out><![CDATA[HTTP/1.1 201 Created
X-Powered-By: Express
Content-Type: application/json; charset=utf-8
Content-Length: 98
ETag: W/"62-oY/qXWia1kMwd3sBA/SylOEKApA"
Date: Thu, 12 Feb 2026 20:44:30 GMT
Connection: keep-alive
Keep-Alive: timeout=5

{
    "id": "1770929070071",
    "name": "phone",
    "description": "This is a new phone",
    "price": 10000,
    "stock": 10
}
]]></system-out>
  </testcase>
  <testcase name="editItemsTest" classname="org.example.tests_scripts.ValidTests" time="2.014">
    <system-out><![CDATA[Test End
HTTP/1.1 200 OK
X-Powered-By: Express
Content-Type: application/json; charset=utf-8
Content-Length: 98
ETag: W/"62-QL2Bnz9Hf/ddramdEGCKd8e6Wb4"
Date: Thu, 12 Feb 2026 20:44:32 GMT
Connection: keep-alive
Keep-Alive: timeout=5

{
    "id": "1770929051932",
    "name": "phone",
    "description": "This is a new phone",
    "price": 10000,
    "stock": 10
}
]]></system-out>
  </testcase>
  <testcase name="editItemsTest" classname="org.example.tests_scripts.ValidTests" time="2.012">
    <system-out><![CDATA[Test End
HTTP/1.1 200 OK
X-Powered-By: Express
Content-Type: application/json; charset=utf-8
Content-Length: 98
ETag: W/"62-RBj8K96CT7sSyk/HmuROi4/rKYA"
Date: Thu, 12 Feb 2026 20:44:36 GMT
Connection: keep-alive
Keep-Alive: timeout=5

{
    "id": "1770929057983",
    "name": "phone",
    "description": "This is a new phone",
    "price": 10000,
    "stock": 10
}
]]></system-out>
  </testcase>
  <testcase name="editItemsTest" classname="org.example.tests_scripts.ValidTests" time="2.014">
    <system-out><![CDATA[Test End
HTTP/1.1 200 OK
X-Powered-By: Express
Content-Type: application/json; charset=utf-8
Content-Length: 98
ETag: W/"62-HTTqqp/MXKaKNgN4heHWLclb/Ww"
Date: Thu, 12 Feb 2026 20:44:40 GMT
Connection: keep-alive
Keep-Alive: timeout=5

{
    "id": "1770929064026",
    "name": "phone",
    "description": "This is a new phone",
    "price": 10000,
    "stock": 10
}
]]></system-out>
  </testcase>
  <testcase name="editItemsTest" classname="org.example.tests_scripts.ValidTests" time="2.012">
    <system-out><![CDATA[Test End
HTTP/1.1 200 OK
X-Powered-By: Express
Content-Type: application/json; charset=utf-8
Content-Length: 98
ETag: W/"62-oY/qXWia1kMwd3sBA/SylOEKApA"
Date: Thu, 12 Feb 2026 20:44:44 GMT
Connection: keep-alive
Keep-Alive: timeout=5

{
    "id": "1770929070071",
    "name": "phone",
    "description": "This is a new phone",
    "price": 10000,
    "stock": 10
}
]]></system-out>
  </testcase>
  <testcase name="createOrderTest" classname="org.example.tests_scripts.ValidTests" time="2.019">
    <system-out><![CDATA[Test End
HTTP/1.1 201 Created
X-Powered-By: Express
Content-Type: application/json; charset=utf-8
Content-Length: 194
ETag: W/"c2-D2j74CqfgDXCLLtbCfE5NyiGiA0"
Date: Thu, 12 Feb 2026 20:44:34 GMT
Connection: keep-alive
Keep-Alive: timeout=5

{
    "id": "1770929074103",
    "customerId": "user3",
    "items": [
        {
            "itemId": "1770929051932",
            "name": "phone",
            "price": 10000,
            "quantity": 1
        }
    ],
    "total": 10000,
    "status": "pending",
    "createdAt": 1770929074103,
    "paid": false
}
]]></system-out>
  </testcase>
  <testcase name="createOrderTest" classname="org.example.tests_scripts.ValidTests" time="2.017">
    <system-out><![CDATA[Test End
HTTP/1.1 201 Created
X-Powered-By: Express
Content-Type: application/json; charset=utf-8
Content-Length: 194
ETag: W/"c2-NKBU18n8bIpRA1m8oK8tXKJNTPA"
Date: Thu, 12 Feb 2026 20:44:38 GMT
Connection: keep-alive
Keep-Alive: timeout=5

{
    "id": "1770929078142",
    "customerId": "user1",
    "items": [
        {
            "itemId": "1770929057983",
            "name": "phone",
            "price": 10000,
            "quantity": 1
        }
    ],
    "total": 10000,
    "status": "pending",
    "createdAt": 1770929078142,
    "paid": false
}
]]></system-out>
  </testcase>
  <testcase name="createOrderTest" classname="org.example.tests_scripts.ValidTests" time="2.018">
    <system-out><![CDATA[Test End
HTTP/1.1 201 Created
X-Powered-By: Express
Content-Type: application/json; charset=utf-8
Content-Length: 194
ETag: W/"c2-LWoumRUKhsEWeQ+70tQxIjyW+I4"
Date: Thu, 12 Feb 2026 20:44:42 GMT
Connection: keep-alive
Keep-Alive: timeout=5

{
    "id": "1770929082180",
    "customerId": "user2",
    "items": [
        {
            "itemId": "1770929064026",
            "name": "phone",
            "price": 10000,
            "quantity": 1
        }
    ],
    "total": 10000,
    "status": "pending",
    "createdAt": 1770929082180,
    "paid": false
}
]]></system-out>
  </testcase>
  <testcase name="createOrderTest" classname="org.example.tests_scripts.ValidTests" time="2.021">
    <system-out><![CDATA[Test End
HTTP/1.1 201 Created
X-Powered-By: Express
Content-Type: application/json; charset=utf-8
Content-Length: 194
ETag: W/"c2-f2+X8vKrp1DUDHF/SElumI0s+10"
Date: Thu, 12 Feb 2026 20:44:46 GMT
Connection: keep-alive
Keep-Alive: timeout=5

{
    "id": "1770929086217",
    "customerId": "user4",
    "items": [
        {
            "itemId": "1770929070071",
            "name": "phone",
            "price": 10000,
            "quantity": 1
        }
    ],
    "total": 10000,
    "status": "pending",
    "createdAt": 1770929086217,
    "paid": false
}
]]></system-out>
  </testcase>
  <testcase name="getOrdersTest" classname="org.example.tests_scripts.ValidTests" time="2.032">
    <system-out><![CDATA[Test End
HTTP/1.1 200 OK
X-Powered-By: Express
Content-Type: application/json; charset=utf-8
Content-Length: 6038
ETag: W/"1796-PgvL/tCM0fBQUKoFf0C8od3dtTE"
Date: Thu, 12 Feb 2026 20:44:48 GMT
Connection: keep-alive
Keep-Alive: timeout=5

[
    {
        "id": "1770491967932",
        "customerId": "123",
        "items": [
            {
                "itemId": "1770491941869",
                "name": "phone",
                "price": 100000,
                "quantity": 1
            }
        ],
        "total": 100000,
        "status": "pending",
        "createdAt": 1770491967932,
        "paid": false
    },
    {
        "id": "1770492532962",
        "customerId": "user2",
        "items": [
            {
                "itemId": "1770492532746",
                "name": "phone",
                "price": 100000,
                "quantity": 1
            }
        ],
        "total": 100000,
        "status": "pending",
        "createdAt": 1770492532962,
        "paid": false
    },
    {
        "id": "1770493418438",
        "customerId": "user2",
        "items": [
            {
                "itemId": "1770493418213",
                "name": "phone",
                "price": 100000,
                "quantity": 1
            }
        ],
        "total": 100000,
        "status": "pending",
        "createdAt": 1770493418438,
        "paid": false
    },
    {
        "id": "1770658638539",
        "customerId": "user2",
        "items": [
            {
                "itemId": "1770658634408",
                "name": "phone",
                "price": 10000,
                "quantity": 1
            }
        ],
        "total": 10000,
        "status": "pending",
        "createdAt": 1770658638539,
        "paid": false
    },
    {
        "id": "1770658833639",
        "customerId": "user2",
        "items": [
            {
                "itemId": "1770658829483",
                "name": "phone",
                "price": 10000,
                "quantity": 1
            }
        ],
        "total": 10000,
        "status": "pending",
        "createdAt": 1770658833639,
        "paid": false
    },
    {
        "id": "1770658952851",
        "customerId": "user2",
        "items": [
            {
                "itemId": "1770658948679",
                "name": "phone",
                "price": 10000,
                "quantity": 1
            }
        ],
        "total": 10000,
        "status": "pending",
        "createdAt": 1770658952851,
        "paid": false
    },
    {
        "id": "1770659104510",
        "customerId": "user2",
        "items": [
            {
                "itemId": "1770659100392",
                "name": "phone",
                "price": 10000,
                "quantity": 1
            }
        ],
        "total": 10000,
        "status": "pending",
        "createdAt": 1770659104510,
        "paid": false
    },
    {
        "id": "1770659216440",
        "customerId": "user2",
        "items": [
            {
                "itemId": "1770659212279",
                "name": "phone",
                "price": 10000,
                "quantity": 1
            }
        ],
        "total": 10000,
        "status": "pending",
        "createdAt": 1770659216440,
        "paid": false
    },
    {
        "id": "1770659454278",
        "customerId": "user2",
        "items": [
            {
                "itemId": "1770659450138",
                "name": "phone",
                "price": 10000,
                "quantity": 1
            }
        ],
        "total": 10000,
        "status": "pending",
        "createdAt": 1770659454278,
        "paid": false
    },
    {
        "id": "1770661221274",
        "customerId": "user2",
        "items": [
            {
                "itemId": "1770661217057",
                "name": "phone",
                "price": 10000,
                "quantity": 1
            }
        ],
        "total": 10000,
        "status": "pending",
        "createdAt": 1770661221274,
        "paid": false
    },
    {
        "id": "1770661310555",
        "customerId": "user2",
        "items": [
            {
                "itemId": "1770661306352",
                "name": "phone",
                "price": 10000,
                "quantity": 1
            }
        ],
        "total": 10000,
        "status": "paid",
        "createdAt": 1770661310555,
        "paid": true
    },
    {
        "id": "1770661367287",
        "customerId": "user2",
        "items": [
            {
                "itemId": "1770661363025",
                "name": "phone",
                "price": 10000,
                "quantity": 1
            }
        ],
        "total": 10000,
        "status": "pending",
        "createdAt": 1770661367287,
        "paid": false
    },
    {
        "id": "1770661618789",
        "customerId": "user2",
        "items": [
            {
                "itemId": "1770661614673",
                "name": "phone",
                "price": 10000,
                "quantity": 1
            }
        ],
        "total": 10000,
        "status": "pending",
        "createdAt": 1770661618789,
        "paid": false
    },
    {
        "id": "1770672301485",
        "customerId": "user2",
        "items": [
            {
                "itemId": "1770672285257",
                "name": "phone",
                "price": 10000,
                "quantity": 1
            }
        ],
        "total": 10000,
        "status": "pending",
        "createdAt": 1770672301485,
        "paid": false
    },
    {
        "id": "1770672476729",
        "customerId": "user2",
        "items": [
            {
                "itemId": "1770672468594",
                "name": "phone",
                "price": 10000,
                "quantity": 1
            }
        ],
        "total": 10000,
        "status": "pending",
        "createdAt": 1770672476729,
        "paid": false
    },
    {
        "id": "1770674408752",
        "customerId": "user2",
        "items": [
            {
                "itemId": "1770674386402",
                "name": "phone",
                "price": 10000,
                "quantity": 1
            }
        ],
        "total": 10000,
        "status": "pending",
        "createdAt": 1770674408752,
        "paid": false
    },
    {
        "id": "1770674412832",
        "customerId": "user2",
        "items": [
            {
                "itemId": "1770674392521",
                "name": "phone",
                "price": 10000,
                "quantity": 1
            }
        ],
        "total": 10000,
        "status": "pending",
        "createdAt": 1770674412832,
        "paid": false
    },
    {
        "id": "1770674416896",
        "customerId": "user2",
        "items": [
            {
                "itemId": "1770674398586",
                "name": "phone",
                "price": 10000,
                "quantity": 1
            }
        ],
        "total": 10000,
        "status": "pending",
        "createdAt": 1770674416896,
        "paid": false
    },
    {
        "id": "1770675128044",
        "customerId": "user2",
        "items": [
            {
                "itemId": "1770675105731",
                "name": "phone",
                "price": 10000,
                "quantity": 1
            }
        ],
        "total": 10000,
        "status": "pending",
        "createdAt": 1770675128044,
        "paid": false
    },
    {
        "id": "1770675552409",
        "customerId": "user2",
        "items": [
            {
                "itemId": "1770675548292",
                "name": "phone",
                "price": 10000,
                "quantity": 1
            }
        ],
        "total": 10000,
        "status": "pending",
        "createdAt": 1770675552409,
        "paid": false
    },
    {
        "id": "1770675568651",
        "customerId": "user2",
        "items": [
            {
                "itemId": "1770675564578",
                "name": "phone",
                "price": 10000,
                "quantity": 1
            }
        ],
        "total": 10000,
        "status": "pending",
        "createdAt": 1770675568651,
        "paid": false
    },
    {
        "id": "1770675841003",
        "customerId": "user2",
        "items": [
            {
                "itemId": "1770675836883",
                "name": "phone",
                "price": 10000,
                "quantity": 1
            }
        ],
        "total": 10000,
        "status": "pending",
        "createdAt": 1770675841003,
        "paid": false
    },
    {
        "id": "1770675858260",
        "customerId": "user2",
        "items": [
            {
                "itemId": "1770675854196",
                "name": "phone",
                "price": 10000,
                "quantity": 1
            }
        ],
        "total": 10000,
        "status": "pending",
        "createdAt": 1770675858260,
        "paid": false
    },
    {
        "id": "1770675875682",
        "customerId": "user2",
        "items": [
            {
                "itemId": "1770675871544",
                "name": "phone",
                "price": 10000,
                "quantity": 1
            }
        ],
        "total": 10000,
        "status": "pending",
        "createdAt": 1770675875682,
        "paid": false
    },
    {
        "id": "1770716719774",
        "customerId": "user1",
        "items": [
            {
                "itemId": "1770716715672",
                "name": "phone",
                "price": 10000,
                "quantity": 1
            }
        ],
        "total": 10000,
        "status": "pending",
        "createdAt": 1770716719774,
        "paid": false
    },
    {
        "id": "1770918220429",
        "customerId": "user3",
        "items": [
            {
                "itemId": "1770918216339",
                "name": "phone",
                "price": 10000,
                "quantity": 1
            }
        ],
        "total": 10000,
        "status": "paid",
        "createdAt": 1770918220429,
        "paid": true
    },
    {
        "id": "1770918478139",
        "customerId": "user1",
        "items": [
            {
                "itemId": "1770918468017",
                "name": "phone",
                "price": 10000,
                "quantity": 1
            }
        ],
        "total": 10000,
        "status": "paid",
        "createdAt": 1770918478139,
        "paid": true
    },
    {
        "id": "1770929074103",
        "customerId": "user3",
        "items": [
            {
                "itemId": "1770929051932",
                "name": "phone",
                "price": 10000,
                "quantity": 1
            }
        ],
        "total": 10000,
        "status": "pending",
        "createdAt": 1770929074103,
        "paid": false
    },
    {
        "id": "1770929078142",
        "customerId": "user1",
        "items": [
            {
                "itemId": "1770929057983",
                "name": "phone",
                "price": 10000,
                "quantity": 1
            }
        ],
        "total": 10000,
        "status": "pending",
        "createdAt": 1770929078142,
        "paid": false
    },
    {
        "id": "1770929082180",
        "customerId": "user2",
        "items": [
            {
                "itemId": "1770929064026",
                "name": "phone",
                "price": 10000,
                "quantity": 1
            }
        ],
        "total": 10000,
        "status": "pending",
        "createdAt": 1770929082180,
        "paid": false
    },
    {
        "id": "1770929086217",
        "customerId": "user4",
        "items": [
            {
                "itemId": "1770929070071",
                "name": "phone",
                "price": 10000,
                "quantity": 1
            }
        ],
        "total": 10000,
        "status": "pending",
        "createdAt": 1770929086217,
        "paid": false
    }
]
]]></system-out>
  </testcase>
  <testcase name="getOrdersTest" classname="org.example.tests_scripts.ValidTests" time="2.032">
    <system-out><![CDATA[Test End
HTTP/1.1 200 OK
X-Powered-By: Express
Content-Type: application/json; charset=utf-8
Content-Length: 6034
ETag: W/"1792-xXv51maZF2bcXKvj8szMq8jEeXI"
Date: Thu, 12 Feb 2026 20:44:57 GMT
Connection: keep-alive
Keep-Alive: timeout=5

[
    {
        "id": "1770491967932",
        "customerId": "123",
        "items": [
            {
                "itemId": "1770491941869",
                "name": "phone",
                "price": 100000,
                "quantity": 1
            }
        ],
        "total": 100000,
        "status": "pending",
        "createdAt": 1770491967932,
        "paid": false
    },
    {
        "id": "1770492532962",
        "customerId": "user2",
        "items": [
            {
                "itemId": "1770492532746",
                "name": "phone",
                "price": 100000,
                "quantity": 1
            }
        ],
        "total": 100000,
        "status": "pending",
        "createdAt": 1770492532962,
        "paid": false
    },
    {
        "id": "1770493418438",
        "customerId": "user2",
        "items": [
            {
                "itemId": "1770493418213",
                "name": "phone",
                "price": 100000,
                "quantity": 1
            }
        ],
        "total": 100000,
        "status": "pending",
        "createdAt": 1770493418438,
        "paid": false
    },
    {
        "id": "1770658638539",
        "customerId": "user2",
        "items": [
            {
                "itemId": "1770658634408",
                "name": "phone",
                "price": 10000,
                "quantity": 1
            }
        ],
        "total": 10000,
        "status": "pending",
        "createdAt": 1770658638539,
        "paid": false
    },
    {
        "id": "1770658833639",
        "customerId": "user2",
        "items": [
            {
                "itemId": "1770658829483",
                "name": "phone",
                "price": 10000,
                "quantity": 1
            }
        ],
        "total": 10000,
        "status": "pending",
        "createdAt": 1770658833639,
        "paid": false
    },
    {
        "id": "1770658952851",
        "customerId": "user2",
        "items": [
            {
                "itemId": "1770658948679",
                "name": "phone",
                "price": 10000,
                "quantity": 1
            }
        ],
        "total": 10000,
        "status": "pending",
        "createdAt": 1770658952851,
        "paid": false
    },
    {
        "id": "1770659104510",
        "customerId": "user2",
        "items": [
            {
                "itemId": "1770659100392",
                "name": "phone",
                "price": 10000,
                "quantity": 1
            }
        ],
        "total": 10000,
        "status": "pending",
        "createdAt": 1770659104510,
        "paid": false
    },
    {
        "id": "1770659216440",
        "customerId": "user2",
        "items": [
            {
                "itemId": "1770659212279",
                "name": "phone",
                "price": 10000,
                "quantity": 1
            }
        ],
        "total": 10000,
        "status": "pending",
        "createdAt": 1770659216440,
        "paid": false
    },
    {
        "id": "1770659454278",
        "customerId": "user2",
        "items": [
            {
                "itemId": "1770659450138",
                "name": "phone",
                "price": 10000,
                "quantity": 1
            }
        ],
        "total": 10000,
        "status": "pending",
        "createdAt": 1770659454278,
        "paid": false
    },
    {
        "id": "1770661221274",
        "customerId": "user2",
        "items": [
            {
                "itemId": "1770661217057",
                "name": "phone",
                "price": 10000,
                "quantity": 1
            }
        ],
        "total": 10000,
        "status": "pending",
        "createdAt": 1770661221274,
        "paid": false
    },
    {
        "id": "1770661310555",
        "customerId": "user2",
        "items": [
            {
                "itemId": "1770661306352",
                "name": "phone",
                "price": 10000,
                "quantity": 1
            }
        ],
        "total": 10000,
        "status": "paid",
        "createdAt": 1770661310555,
        "paid": true
    },
    {
        "id": "1770661367287",
        "customerId": "user2",
        "items": [
            {
                "itemId": "1770661363025",
                "name": "phone",
                "price": 10000,
                "quantity": 1
            }
        ],
        "total": 10000,
        "status": "pending",
        "createdAt": 1770661367287,
        "paid": false
    },
    {
        "id": "1770661618789",
        "customerId": "user2",
        "items": [
            {
                "itemId": "1770661614673",
                "name": "phone",
                "price": 10000,
                "quantity": 1
            }
        ],
        "total": 10000,
        "status": "pending",
        "createdAt": 1770661618789,
        "paid": false
    },
    {
        "id": "1770672301485",
        "customerId": "user2",
        "items": [
            {
                "itemId": "1770672285257",
                "name": "phone",
                "price": 10000,
                "quantity": 1
            }
        ],
        "total": 10000,
        "status": "pending",
        "createdAt": 1770672301485,
        "paid": false
    },
    {
        "id": "1770672476729",
        "customerId": "user2",
        "items": [
            {
                "itemId": "1770672468594",
                "name": "phone",
                "price": 10000,
                "quantity": 1
            }
        ],
        "total": 10000,
        "status": "pending",
        "createdAt": 1770672476729,
        "paid": false
    },
    {
        "id": "1770674408752",
        "customerId": "user2",
        "items": [
            {
                "itemId": "1770674386402",
                "name": "phone",
                "price": 10000,
                "quantity": 1
            }
        ],
        "total": 10000,
        "status": "pending",
        "createdAt": 1770674408752,
        "paid": false
    },
    {
        "id": "1770674412832",
        "customerId": "user2",
        "items": [
            {
                "itemId": "1770674392521",
                "name": "phone",
                "price": 10000,
                "quantity": 1
            }
        ],
        "total": 10000,
        "status": "pending",
        "createdAt": 1770674412832,
        "paid": false
    },
    {
        "id": "1770674416896",
        "customerId": "user2",
        "items": [
            {
                "itemId": "1770674398586",
                "name": "phone",
                "price": 10000,
                "quantity": 1
            }
        ],
        "total": 10000,
        "status": "pending",
        "createdAt": 1770674416896,
        "paid": false
    },
    {
        "id": "1770675128044",
        "customerId": "user2",
        "items": [
            {
                "itemId": "1770675105731",
                "name": "phone",
                "price": 10000,
                "quantity": 1
            }
        ],
        "total": 10000,
        "status": "pending",
        "createdAt": 1770675128044,
        "paid": false
    },
    {
        "id": "1770675552409",
        "customerId": "user2",
        "items": [
            {
                "itemId": "1770675548292",
                "name": "phone",
                "price": 10000,
                "quantity": 1
            }
        ],
        "total": 10000,
        "status": "pending",
        "createdAt": 1770675552409,
        "paid": false
    },
    {
        "id": "1770675568651",
        "customerId": "user2",
        "items": [
            {
                "itemId": "1770675564578",
                "name": "phone",
                "price": 10000,
                "quantity": 1
            }
        ],
        "total": 10000,
        "status": "pending",
        "createdAt": 1770675568651,
        "paid": false
    },
    {
        "id": "1770675841003",
        "customerId": "user2",
        "items": [
            {
                "itemId": "1770675836883",
                "name": "phone",
                "price": 10000,
                "quantity": 1
            }
        ],
        "total": 10000,
        "status": "pending",
        "createdAt": 1770675841003,
        "paid": false
    },
    {
        "id": "1770675858260",
        "customerId": "user2",
        "items": [
            {
                "itemId": "1770675854196",
                "name": "phone",
                "price": 10000,
                "quantity": 1
            }
        ],
        "total": 10000,
        "status": "pending",
        "createdAt": 1770675858260,
        "paid": false
    },
    {
        "id": "1770675875682",
        "customerId": "user2",
        "items": [
            {
                "itemId": "1770675871544",
                "name": "phone",
                "price": 10000,
                "quantity": 1
            }
        ],
        "total": 10000,
        "status": "pending",
        "createdAt": 1770675875682,
        "paid": false
    },
    {
        "id": "1770716719774",
        "customerId": "user1",
        "items": [
            {
                "itemId": "1770716715672",
                "name": "phone",
                "price": 10000,
                "quantity": 1
            }
        ],
        "total": 10000,
        "status": "pending",
        "createdAt": 1770716719774,
        "paid": false
    },
    {
        "id": "1770918220429",
        "customerId": "user3",
        "items": [
            {
                "itemId": "1770918216339",
                "name": "phone",
                "price": 10000,
                "quantity": 1
            }
        ],
        "total": 10000,
        "status": "paid",
        "createdAt": 1770918220429,
        "paid": true
    },
    {
        "id": "1770918478139",
        "customerId": "user1",
        "items": [
            {
                "itemId": "1770918468017",
                "name": "phone",
                "price": 10000,
                "quantity": 1
            }
        ],
        "total": 10000,
        "status": "paid",
        "createdAt": 1770918478139,
        "paid": true
    },
    {
        "id": "1770929074103",
        "customerId": "user3",
        "items": [
            {
                "itemId": "1770929051932",
                "name": "phone",
                "price": 10000,
                "quantity": 1
            }
        ],
        "total": 10000,
        "status": "paid",
        "createdAt": 1770929074103,
        "paid": true
    },
    {
        "id": "1770929078142",
        "customerId": "user1",
        "items": [
            {
                "itemId": "1770929057983",
                "name": "phone",
                "price": 10000,
                "quantity": 1
            }
        ],
        "total": 10000,
        "status": "pending",
        "createdAt": 1770929078142,
        "paid": false
    },
    {
        "id": "1770929082180",
        "customerId": "user2",
        "items": [
            {
                "itemId": "1770929064026",
                "name": "phone",
                "price": 10000,
                "quantity": 1
            }
        ],
        "total": 10000,
        "status": "pending",
        "createdAt": 1770929082180,
        "paid": false
    },
    {
        "id": "1770929086217",
        "customerId": "user4",
        "items": [
            {
                "itemId": "1770929070071",
                "name": "phone",
                "price": 10000,
                "quantity": 1
            }
        ],
        "total": 10000,
        "status": "pending",
        "createdAt": 1770929086217,
        "paid": false
    }
]
]]></system-out>
  </testcase>
  <testcase name="getOrdersTest" classname="org.example.tests_scripts.ValidTests" time="2.032">
    <system-out><![CDATA[Test End
HTTP/1.1 200 OK
X-Powered-By: Express
Content-Type: application/json; charset=utf-8
Content-Length: 6030
ETag: W/"178e-4er3hSCvwqsG0eRzsna+V4ZXz7Y"
Date: Thu, 12 Feb 2026 20:45:06 GMT
Connection: keep-alive
Keep-Alive: timeout=5

[
    {
        "id": "1770491967932",
        "customerId": "123",
        "items": [
            {
                "itemId": "1770491941869",
                "name": "phone",
                "price": 100000,
                "quantity": 1
            }
        ],
        "total": 100000,
        "status": "pending",
        "createdAt": 1770491967932,
        "paid": false
    },
    {
        "id": "1770492532962",
        "customerId": "user2",
        "items": [
            {
                "itemId": "1770492532746",
                "name": "phone",
                "price": 100000,
                "quantity": 1
            }
        ],
        "total": 100000,
        "status": "pending",
        "createdAt": 1770492532962,
        "paid": false
    },
    {
        "id": "1770493418438",
        "customerId": "user2",
        "items": [
            {
                "itemId": "1770493418213",
                "name": "phone",
                "price": 100000,
                "quantity": 1
            }
        ],
        "total": 100000,
        "status": "pending",
        "createdAt": 1770493418438,
        "paid": false
    },
    {
        "id": "1770658638539",
        "customerId": "user2",
        "items": [
            {
                "itemId": "1770658634408",
                "name": "phone",
                "price": 10000,
                "quantity": 1
            }
        ],
        "total": 10000,
        "status": "pending",
        "createdAt": 1770658638539,
        "paid": false
    },
    {
        "id": "1770658833639",
        "customerId": "user2",
        "items": [
            {
                "itemId": "1770658829483",
                "name": "phone",
                "price": 10000,
                "quantity": 1
            }
        ],
        "total": 10000,
        "status": "pending",
        "createdAt": 1770658833639,
        "paid": false
    },
    {
        "id": "1770658952851",
        "customerId": "user2",
        "items": [
            {
                "itemId": "1770658948679",
                "name": "phone",
                "price": 10000,
                "quantity": 1
            }
        ],
        "total": 10000,
        "status": "pending",
        "createdAt": 1770658952851,
        "paid": false
    },
    {
        "id": "1770659104510",
        "customerId": "user2",
        "items": [
            {
                "itemId": "1770659100392",
                "name": "phone",
                "price": 10000,
                "quantity": 1
            }
        ],
        "total": 10000,
        "status": "pending",
        "createdAt": 1770659104510,
        "paid": false
    },
    {
        "id": "1770659216440",
        "customerId": "user2",
        "items": [
            {
                "itemId": "1770659212279",
                "name": "phone",
                "price": 10000,
                "quantity": 1
            }
        ],
        "total": 10000,
        "status": "pending",
        "createdAt": 1770659216440,
        "paid": false
    },
    {
        "id": "1770659454278",
        "customerId": "user2",
        "items": [
            {
                "itemId": "1770659450138",
                "name": "phone",
                "price": 10000,
                "quantity": 1
            }
        ],
        "total": 10000,
        "status": "pending",
        "createdAt": 1770659454278,
        "paid": false
    },
    {
        "id": "1770661221274",
        "customerId": "user2",
        "items": [
            {
                "itemId": "1770661217057",
                "name": "phone",
                "price": 10000,
                "quantity": 1
            }
        ],
        "total": 10000,
        "status": "pending",
        "createdAt": 1770661221274,
        "paid": false
    },
    {
        "id": "1770661310555",
        "customerId": "user2",
        "items": [
            {
                "itemId": "1770661306352",
                "name": "phone",
                "price": 10000,
                "quantity": 1
            }
        ],
        "total": 10000,
        "status": "paid",
        "createdAt": 1770661310555,
        "paid": true
    },
    {
        "id": "1770661367287",
        "customerId": "user2",
        "items": [
            {
                "itemId": "1770661363025",
                "name": "phone",
                "price": 10000,
                "quantity": 1
            }
        ],
        "total": 10000,
        "status": "pending",
        "createdAt": 1770661367287,
        "paid": false
    },
    {
        "id": "1770661618789",
        "customerId": "user2",
        "items": [
            {
                "itemId": "1770661614673",
                "name": "phone",
                "price": 10000,
                "quantity": 1
            }
        ],
        "total": 10000,
        "status": "pending",
        "createdAt": 1770661618789,
        "paid": false
    },
    {
        "id": "1770672301485",
        "customerId": "user2",
        "items": [
            {
                "itemId": "1770672285257",
                "name": "phone",
                "price": 10000,
                "quantity": 1
            }
        ],
        "total": 10000,
        "status": "pending",
        "createdAt": 1770672301485,
        "paid": false
    },
    {
        "id": "1770672476729",
        "customerId": "user2",
        "items": [
            {
                "itemId": "1770672468594",
                "name": "phone",
                "price": 10000,
                "quantity": 1
            }
        ],
        "total": 10000,
        "status": "pending",
        "createdAt": 1770672476729,
        "paid": false
    },
    {
        "id": "1770674408752",
        "customerId": "user2",
        "items": [
            {
                "itemId": "1770674386402",
                "name": "phone",
                "price": 10000,
                "quantity": 1
            }
        ],
        "total": 10000,
        "status": "pending",
        "createdAt": 1770674408752,
        "paid": false
    },
    {
        "id": "1770674412832",
        "customerId": "user2",
        "items": [
            {
                "itemId": "1770674392521",
                "name": "phone",
                "price": 10000,
                "quantity": 1
            }
        ],
        "total": 10000,
        "status": "pending",
        "createdAt": 1770674412832,
        "paid": false
    },
    {
        "id": "1770674416896",
        "customerId": "user2",
        "items": [
            {
                "itemId": "1770674398586",
                "name": "phone",
                "price": 10000,
                "quantity": 1
            }
        ],
        "total": 10000,
        "status": "pending",
        "createdAt": 1770674416896,
        "paid": false
    },
    {
        "id": "1770675128044",
        "customerId": "user2",
        "items": [
            {
                "itemId": "1770675105731",
                "name": "phone",
                "price": 10000,
                "quantity": 1
            }
        ],
        "total": 10000,
        "status": "pending",
        "createdAt": 1770675128044,
        "paid": false
    },
    {
        "id": "1770675552409",
        "customerId": "user2",
        "items": [
            {
                "itemId": "1770675548292",
                "name": "phone",
                "price": 10000,
                "quantity": 1
            }
        ],
        "total": 10000,
        "status": "pending",
        "createdAt": 1770675552409,
        "paid": false
    },
    {
        "id": "1770675568651",
        "customerId": "user2",
        "items": [
            {
                "itemId": "1770675564578",
                "name": "phone",
                "price": 10000,
                "quantity": 1
            }
        ],
        "total": 10000,
        "status": "pending",
        "createdAt": 1770675568651,
        "paid": false
    },
    {
        "id": "1770675841003",
        "customerId": "user2",
        "items": [
            {
                "itemId": "1770675836883",
                "name": "phone",
                "price": 10000,
                "quantity": 1
            }
        ],
        "total": 10000,
        "status": "pending",
        "createdAt": 1770675841003,
        "paid": false
    },
    {
        "id": "1770675858260",
        "customerId": "user2",
        "items": [
            {
                "itemId": "1770675854196",
                "name": "phone",
                "price": 10000,
                "quantity": 1
            }
        ],
        "total": 10000,
        "status": "pending",
        "createdAt": 1770675858260,
        "paid": false
    },
    {
        "id": "1770675875682",
        "customerId": "user2",
        "items": [
            {
                "itemId": "1770675871544",
                "name": "phone",
                "price": 10000,
                "quantity": 1
            }
        ],
        "total": 10000,
        "status": "pending",
        "createdAt": 1770675875682,
        "paid": false
    },
    {
        "id": "1770716719774",
        "customerId": "user1",
        "items": [
            {
                "itemId": "1770716715672",
                "name": "phone",
                "price": 10000,
                "quantity": 1
            }
        ],
        "total": 10000,
        "status": "pending",
        "createdAt": 1770716719774,
        "paid": false
    },
    {
        "id": "1770918220429",
        "customerId": "user3",
        "items": [
            {
                "itemId": "1770918216339",
                "name": "phone",
                "price": 10000,
                "quantity": 1
            }
        ],
        "total": 10000,
        "status": "paid",
        "createdAt": 1770918220429,
        "paid": true
    },
    {
        "id": "1770918478139",
        "customerId": "user1",
        "items": [
            {
                "itemId": "1770918468017",
                "name": "phone",
                "price": 10000,
                "quantity": 1
            }
        ],
        "total": 10000,
        "status": "paid",
        "createdAt": 1770918478139,
        "paid": true
    },
    {
        "id": "1770929074103",
        "customerId": "user3",
        "items": [
            {
                "itemId": "1770929051932",
                "name": "phone",
                "price": 10000,
                "quantity": 1
            }
        ],
        "total": 10000,
        "status": "paid",
        "createdAt": 1770929074103,
        "paid": true
    },
    {
        "id": "1770929078142",
        "customerId": "user1",
        "items": [
            {
                "itemId": "1770929057983",
                "name": "phone",
                "price": 10000,
                "quantity": 1
            }
        ],
        "total": 10000,
        "status": "paid",
        "createdAt": 1770929078142,
        "paid": true
    },
    {
        "id": "1770929082180",
        "customerId": "user2",
        "items": [
            {
                "itemId": "1770929064026",
                "name": "phone",
                "price": 10000,
                "quantity": 1
            }
        ],
        "total": 10000,
        "status": "pending",
        "createdAt": 1770929082180,
        "paid": false
    },
    {
        "id": "1770929086217",
        "customerId": "user4",
        "items": [
            {
                "itemId": "1770929070071",
                "name": "phone",
                "price": 10000,
                "quantity": 1
            }
        ],
        "total": 10000,
        "status": "pending",
        "createdAt": 1770929086217,
        "paid": false
    }
]
]]></system-out>
  </testcase>
  <testcase name="getOrdersTest" classname="org.example.tests_scripts.ValidTests" time="2.134">
    <system-out><![CDATA[Test End
HTTP/1.1 200 OK
X-Powered-By: Express
Content-Type: application/json; charset=utf-8
Content-Length: 6026
ETag: W/"178a-aSe/lC4s56UfK8JBSAjyYtgPdLg"
Date: Thu, 12 Feb 2026 20:45:15 GMT
Connection: keep-alive
Keep-Alive: timeout=5

[
    {
        "id": "1770491967932",
        "customerId": "123",
        "items": [
            {
                "itemId": "1770491941869",
                "name": "phone",
                "price": 100000,
                "quantity": 1
            }
        ],
        "total": 100000,
        "status": "pending",
        "createdAt": 1770491967932,
        "paid": false
    },
    {
        "id": "1770492532962",
        "customerId": "user2",
        "items": [
            {
                "itemId": "1770492532746",
                "name": "phone",
                "price": 100000,
                "quantity": 1
            }
        ],
        "total": 100000,
        "status": "pending",
        "createdAt": 1770492532962,
        "paid": false
    },
    {
        "id": "1770493418438",
        "customerId": "user2",
        "items": [
            {
                "itemId": "1770493418213",
                "name": "phone",
                "price": 100000,
                "quantity": 1
            }
        ],
        "total": 100000,
        "status": "pending",
        "createdAt": 1770493418438,
        "paid": false
    },
    {
        "id": "1770658638539",
        "customerId": "user2",
        "items": [
            {
                "itemId": "1770658634408",
                "name": "phone",
                "price": 10000,
                "quantity": 1
            }
        ],
        "total": 10000,
        "status": "pending",
        "createdAt": 1770658638539,
        "paid": false
    },
    {
        "id": "1770658833639",
        "customerId": "user2",
        "items": [
            {
                "itemId": "1770658829483",
                "name": "phone",
                "price": 10000,
                "quantity": 1
            }
        ],
        "total": 10000,
        "status": "pending",
        "createdAt": 1770658833639,
        "paid": false
    },
    {
        "id": "1770658952851",
        "customerId": "user2",
        "items": [
            {
                "itemId": "1770658948679",
                "name": "phone",
                "price": 10000,
                "quantity": 1
            }
        ],
        "total": 10000,
        "status": "pending",
        "createdAt": 1770658952851,
        "paid": false
    },
    {
        "id": "1770659104510",
        "customerId": "user2",
        "items": [
            {
                "itemId": "1770659100392",
                "name": "phone",
                "price": 10000,
                "quantity": 1
            }
        ],
        "total": 10000,
        "status": "pending",
        "createdAt": 1770659104510,
        "paid": false
    },
    {
        "id": "1770659216440",
        "customerId": "user2",
        "items": [
            {
                "itemId": "1770659212279",
                "name": "phone",
                "price": 10000,
                "quantity": 1
            }
        ],
        "total": 10000,
        "status": "pending",
        "createdAt": 1770659216440,
        "paid": false
    },
    {
        "id": "1770659454278",
        "customerId": "user2",
        "items": [
            {
                "itemId": "1770659450138",
                "name": "phone",
                "price": 10000,
                "quantity": 1
            }
        ],
        "total": 10000,
        "status": "pending",
        "createdAt": 1770659454278,
        "paid": false
    },
    {
        "id": "1770661221274",
        "customerId": "user2",
        "items": [
            {
                "itemId": "1770661217057",
                "name": "phone",
                "price": 10000,
                "quantity": 1
            }
        ],
        "total": 10000,
        "status": "pending",
        "createdAt": 1770661221274,
        "paid": false
    },
    {
        "id": "1770661310555",
        "customerId": "user2",
        "items": [
            {
                "itemId": "1770661306352",
                "name": "phone",
                "price": 10000,
                "quantity": 1
            }
        ],
        "total": 10000,
        "status": "paid",
        "createdAt": 1770661310555,
        "paid": true
    },
    {
        "id": "1770661367287",
        "customerId": "user2",
        "items": [
            {
                "itemId": "1770661363025",
                "name": "phone",
                "price": 10000,
                "quantity": 1
            }
        ],
        "total": 10000,
        "status": "pending",
        "createdAt": 1770661367287,
        "paid": false
    },
    {
        "id": "1770661618789",
        "customerId": "user2",
        "items": [
            {
                "itemId": "1770661614673",
                "name": "phone",
                "price": 10000,
                "quantity": 1
            }
        ],
        "total": 10000,
        "status": "pending",
        "createdAt": 1770661618789,
        "paid": false
    },
    {
        "id": "1770672301485",
        "customerId": "user2",
        "items": [
            {
                "itemId": "1770672285257",
                "name": "phone",
                "price": 10000,
                "quantity": 1
            }
        ],
        "total": 10000,
        "status": "pending",
        "createdAt": 1770672301485,
        "paid": false
    },
    {
        "id": "1770672476729",
        "customerId": "user2",
        "items": [
            {
                "itemId": "1770672468594",
                "name": "phone",
                "price": 10000,
                "quantity": 1
            }
        ],
        "total": 10000,
        "status": "pending",
        "createdAt": 1770672476729,
        "paid": false
    },
    {
        "id": "1770674408752",
        "customerId": "user2",
        "items": [
            {
                "itemId": "1770674386402",
                "name": "phone",
                "price": 10000,
                "quantity": 1
            }
        ],
        "total": 10000,
        "status": "pending",
        "createdAt": 1770674408752,
        "paid": false
    },
    {
        "id": "1770674412832",
        "customerId": "user2",
        "items": [
            {
                "itemId": "1770674392521",
                "name": "phone",
                "price": 10000,
                "quantity": 1
            }
        ],
        "total": 10000,
        "status": "pending",
        "createdAt": 1770674412832,
        "paid": false
    },
    {
        "id": "1770674416896",
        "customerId": "user2",
        "items": [
            {
                "itemId": "1770674398586",
                "name": "phone",
                "price": 10000,
                "quantity": 1
            }
        ],
        "total": 10000,
        "status": "pending",
        "createdAt": 1770674416896,
        "paid": false
    },
    {
        "id": "1770675128044",
        "customerId": "user2",
        "items": [
            {
                "itemId": "1770675105731",
                "name": "phone",
                "price": 10000,
                "quantity": 1
            }
        ],
        "total": 10000,
        "status": "pending",
        "createdAt": 1770675128044,
        "paid": false
    },
    {
        "id": "1770675552409",
        "customerId": "user2",
        "items": [
            {
                "itemId": "1770675548292",
                "name": "phone",
                "price": 10000,
                "quantity": 1
            }
        ],
        "total": 10000,
        "status": "pending",
        "createdAt": 1770675552409,
        "paid": false
    },
    {
        "id": "1770675568651",
        "customerId": "user2",
        "items": [
            {
                "itemId": "1770675564578",
                "name": "phone",
                "price": 10000,
                "quantity": 1
            }
        ],
        "total": 10000,
        "status": "pending",
        "createdAt": 1770675568651,
        "paid": false
    },
    {
        "id": "1770675841003",
        "customerId": "user2",
        "items": [
            {
                "itemId": "1770675836883",
                "name": "phone",
                "price": 10000,
                "quantity": 1
            }
        ],
        "total": 10000,
        "status": "pending",
        "createdAt": 1770675841003,
        "paid": false
    },
    {
        "id": "1770675858260",
        "customerId": "user2",
        "items": [
            {
                "itemId": "1770675854196",
                "name": "phone",
                "price": 10000,
                "quantity": 1
            }
        ],
        "total": 10000,
        "status": "pending",
        "createdAt": 1770675858260,
        "paid": false
    },
    {
        "id": "1770675875682",
        "customerId": "user2",
        "items": [
            {
                "itemId": "1770675871544",
                "name": "phone",
                "price": 10000,
                "quantity": 1
            }
        ],
        "total": 10000,
        "status": "pending",
        "createdAt": 1770675875682,
        "paid": false
    },
    {
        "id": "1770716719774",
        "customerId": "user1",
        "items": [
            {
                "itemId": "1770716715672",
                "name": "phone",
                "price": 10000,
                "quantity": 1
            }
        ],
        "total": 10000,
        "status": "pending",
        "createdAt": 1770716719774,
        "paid": false
    },
    {
        "id": "1770918220429",
        "customerId": "user3",
        "items": [
            {
                "itemId": "1770918216339",
                "name": "phone",
                "price": 10000,
                "quantity": 1
            }
        ],
        "total": 10000,
        "status": "paid",
        "createdAt": 1770918220429,
        "paid": true
    },
    {
        "id": "1770918478139",
        "customerId": "user1",
        "items": [
            {
                "itemId": "1770918468017",
                "name": "phone",
                "price": 10000,
                "quantity": 1
            }
        ],
        "total": 10000,
        "status": "paid",
        "createdAt": 1770918478139,
        "paid": true
    },
    {
        "id": "1770929074103",
        "customerId": "user3",
        "items": [
            {
                "itemId": "1770929051932",
                "name": "phone",
                "price": 10000,
                "quantity": 1
            }
        ],
        "total": 10000,
        "status": "paid",
        "createdAt": 1770929074103,
        "paid": true
    },
    {
        "id": "1770929078142",
        "customerId": "user1",
        "items": [
            {
                "itemId": "1770929057983",
                "name": "phone",
                "price": 10000,
                "quantity": 1
            }
        ],
        "total": 10000,
        "status": "paid",
        "createdAt": 1770929078142,
        "paid": true
    },
    {
        "id": "1770929082180",
        "customerId": "user2",
        "items": [
            {
                "itemId": "1770929064026",
                "name": "phone",
                "price": 10000,
                "quantity": 1
            }
        ],
        "total": 10000,
        "status": "paid",
        "createdAt": 1770929082180,
        "paid": true
    },
    {
        "id": "1770929086217",
        "customerId": "user4",
        "items": [
            {
                "itemId": "1770929070071",
                "name": "phone",
                "price": 10000,
                "quantity": 1
            }
        ],
        "total": 10000,
        "status": "pending",
        "createdAt": 1770929086217,
        "paid": false
    }
]
]]></system-out>
  </testcase>
  <testcase name="getItemsTest" classname="org.example.tests_scripts.ValidTests" time="2.015">
    <system-out><![CDATA[Test End
HTTP/1.1 200 OK
X-Powered-By: Express
Content-Type: application/json; charset=utf-8
Content-Length: 3242
ETag: W/"caa-xA7ANUxJl7Rpk1pTaBL/ojQgGmw"
Date: Thu, 12 Feb 2026 20:44:50 GMT
Connection: keep-alive
Keep-Alive: timeout=5

[
    {
        "id": "1770658634408",
        "name": "phone",
        "description": "This is a new phone",
        "price": 10000,
        "stock": 9
    },
    {
        "id": "1770658829483",
        "name": "phone",
        "description": "This is a new phone",
        "price": 10000,
        "stock": 9
    },
    {
        "id": "1770658948679",
        "name": "phone",
        "description": "This is a new phone",
        "price": 10000,
        "stock": 9
    },
    {
        "id": "1770659100392",
        "name": "phone",
        "description": "This is a new phone",
        "price": 10000,
        "stock": 9
    },
    {
        "id": "1770659212279",
        "name": "phone",
        "description": "This is a new phone",
        "price": 10000,
        "stock": 9
    },
    {
        "id": "1770659450138",
        "name": "phone",
        "description": "This is a new phone",
        "price": 10000,
        "stock": 9
    },
    {
        "id": "1770661178562",
        "name": "phone",
        "description": "This is a new phone",
        "price": 10000,
        "stock": 10
    },
    {
        "id": "1770661217057",
        "name": "phone",
        "description": "This is a new phone",
        "price": 10000,
        "stock": 9
    },
    {
        "id": "1770661306352",
        "name": "phone",
        "description": "This is a new phone",
        "price": 10000,
        "stock": 9
    },
    {
        "id": "1770661363025",
        "name": "phone",
        "description": "This is a new phone",
        "price": 10000,
        "stock": 9
    },
    {
        "id": "1770661393142",
        "name": "phone",
        "description": "This is a new phone",
        "price": 10000,
        "stock": 10
    },
    {
        "id": "1770661614673",
        "name": "phone",
        "description": "This is a new phone",
        "price": 10000,
        "stock": 9
    },
    {
        "id": "1770662223773",
        "name": "phone",
        "description": "This is a new phone",
        "price": 10000,
        "stock": 10
    },
    {
        "id": "1770672285257",
        "name": "phone",
        "description": "This is a new phone",
        "price": 10000,
        "stock": 9
    },
    {
        "id": "1770672468594",
        "name": "phone",
        "description": "This is a new phone",
        "price": 10000,
        "stock": 9
    },
    {
        "id": "1770674386402",
        "name": "phone",
        "description": "This is a new phone",
        "price": 10000,
        "stock": 9
    },
    {
        "id": "1770674392521",
        "name": "phone",
        "description": "This is a new phone",
        "price": 10000,
        "stock": 9
    },
    {
        "id": "1770674398586",
        "name": "phone",
        "description": "This is a new phone",
        "price": 10000,
        "stock": 9
    },
    {
        "id": "1770675105731",
        "name": "phone",
        "description": "This is a new phone",
        "price": 10000,
        "stock": 9
    },
    {
        "id": "1770675111830",
        "name": "phone",
        "description": "This is a new phone",
        "price": 10000,
        "stock": 10
    },
    {
        "id": "1770675117894",
        "name": "phone",
        "description": "This is a new phone",
        "price": 10000,
        "stock": 10
    },
    {
        "id": "1770675123961",
        "name": "phone",
        "description": "This is a new phone",
        "price": 10000,
        "stock": 10
    },
    {
        "id": "1770675548292",
        "name": "phone",
        "description": "This is a new phone",
        "price": 10000,
        "stock": 9
    },
    {
        "id": "1770675564578",
        "name": "phone",
        "description": "This is a new phone",
        "price": 10000,
        "stock": 9
    },
    {
        "id": "1770675836883",
        "name": "phone",
        "description": "This is a new phone",
        "price": 10000,
        "stock": 9
    },
    {
        "id": "1770675854196",
        "name": "phone",
        "description": "This is a new phone",
        "price": 10000,
        "stock": 9
    },
    {
        "id": "1770675871544",
        "name": "phone",
        "description": "This is a new phone",
        "price": 10000,
        "stock": 9
    },
    {
        "id": "1770716715672",
        "name": "phone",
        "description": "This is a new phone",
        "price": 10000,
        "stock": 9
    },
    {
        "id": "1770884751463",
        "name": "phone",
        "description": "This is a new phone",
        "price": 10000,
        "stock": 10
    },
    {
        "id": "1770929051932",
        "name": "phone",
        "description": "This is a new phone",
        "price": 10000,
        "stock": 9
    },
    {
        "id": "1770929057983",
        "name": "phone",
        "description": "This is a new phone",
        "price": 10000,
        "stock": 9
    },
    {
        "id": "1770929064026",
        "name": "phone",
        "description": "This is a new phone",
        "price": 10000,
        "stock": 9
    },
    {
        "id": "1770929070071",
        "name": "phone",
        "description": "This is a new phone",
        "price": 10000,
        "stock": 9
    }
]
]]></system-out>
  </testcase>
  <testcase name="getItemsTest" classname="org.example.tests_scripts.ValidTests" time="2.01">
    <system-out><![CDATA[Test End
HTTP/1.1 200 OK
X-Powered-By: Express
Content-Type: application/json; charset=utf-8
Content-Length: 3242
ETag: W/"caa-xA7ANUxJl7Rpk1pTaBL/ojQgGmw"
Date: Thu, 12 Feb 2026 20:44:59 GMT
Connection: keep-alive
Keep-Alive: timeout=5

[
    {
        "id": "1770658634408",
        "name": "phone",
        "description": "This is a new phone",
        "price": 10000,
        "stock": 9
    },
    {
        "id": "1770658829483",
        "name": "phone",
        "description": "This is a new phone",
        "price": 10000,
        "stock": 9
    },
    {
        "id": "1770658948679",
        "name": "phone",
        "description": "This is a new phone",
        "price": 10000,
        "stock": 9
    },
    {
        "id": "1770659100392",
        "name": "phone",
        "description": "This is a new phone",
        "price": 10000,
        "stock": 9
    },
    {
        "id": "1770659212279",
        "name": "phone",
        "description": "This is a new phone",
        "price": 10000,
        "stock": 9
    },
    {
        "id": "1770659450138",
        "name": "phone",
        "description": "This is a new phone",
        "price": 10000,
        "stock": 9
    },
    {
        "id": "1770661178562",
        "name": "phone",
        "description": "This is a new phone",
        "price": 10000,
        "stock": 10
    },
    {
        "id": "1770661217057",
        "name": "phone",
        "description": "This is a new phone",
        "price": 10000,
        "stock": 9
    },
    {
        "id": "1770661306352",
        "name": "phone",
        "description": "This is a new phone",
        "price": 10000,
        "stock": 9
    },
    {
        "id": "1770661363025",
        "name": "phone",
        "description": "This is a new phone",
        "price": 10000,
        "stock": 9
    },
    {
        "id": "1770661393142",
        "name": "phone",
        "description": "This is a new phone",
        "price": 10000,
        "stock": 10
    },
    {
        "id": "1770661614673",
        "name": "phone",
        "description": "This is a new phone",
        "price": 10000,
        "stock": 9
    },
    {
        "id": "1770662223773",
        "name": "phone",
        "description": "This is a new phone",
        "price": 10000,
        "stock": 10
    },
    {
        "id": "1770672285257",
        "name": "phone",
        "description": "This is a new phone",
        "price": 10000,
        "stock": 9
    },
    {
        "id": "1770672468594",
        "name": "phone",
        "description": "This is a new phone",
        "price": 10000,
        "stock": 9
    },
    {
        "id": "1770674386402",
        "name": "phone",
        "description": "This is a new phone",
        "price": 10000,
        "stock": 9
    },
    {
        "id": "1770674392521",
        "name": "phone",
        "description": "This is a new phone",
        "price": 10000,
        "stock": 9
    },
    {
        "id": "1770674398586",
        "name": "phone",
        "description": "This is a new phone",
        "price": 10000,
        "stock": 9
    },
    {
        "id": "1770675105731",
        "name": "phone",
        "description": "This is a new phone",
        "price": 10000,
        "stock": 9
    },
    {
        "id": "1770675111830",
        "name": "phone",
        "description": "This is a new phone",
        "price": 10000,
        "stock": 10
    },
    {
        "id": "1770675117894",
        "name": "phone",
        "description": "This is a new phone",
        "price": 10000,
        "stock": 10
    },
    {
        "id": "1770675123961",
        "name": "phone",
        "description": "This is a new phone",
        "price": 10000,
        "stock": 10
    },
    {
        "id": "1770675548292",
        "name": "phone",
        "description": "This is a new phone",
        "price": 10000,
        "stock": 9
    },
    {
        "id": "1770675564578",
        "name": "phone",
        "description": "This is a new phone",
        "price": 10000,
        "stock": 9
    },
    {
        "id": "1770675836883",
        "name": "phone",
        "description": "This is a new phone",
        "price": 10000,
        "stock": 9
    },
    {
        "id": "1770675854196",
        "name": "phone",
        "description": "This is a new phone",
        "price": 10000,
        "stock": 9
    },
    {
        "id": "1770675871544",
        "name": "phone",
        "description": "This is a new phone",
        "price": 10000,
        "stock": 9
    },
    {
        "id": "1770716715672",
        "name": "phone",
        "description": "This is a new phone",
        "price": 10000,
        "stock": 9
    },
    {
        "id": "1770884751463",
        "name": "phone",
        "description": "This is a new phone",
        "price": 10000,
        "stock": 10
    },
    {
        "id": "1770929051932",
        "name": "phone",
        "description": "This is a new phone",
        "price": 10000,
        "stock": 9
    },
    {
        "id": "1770929057983",
        "name": "phone",
        "description": "This is a new phone",
        "price": 10000,
        "stock": 9
    },
    {
        "id": "1770929064026",
        "name": "phone",
        "description": "This is a new phone",
        "price": 10000,
        "stock": 9
    },
    {
        "id": "1770929070071",
        "name": "phone",
        "description": "This is a new phone",
        "price": 10000,
        "stock": 9
    }
]
]]></system-out>
  </testcase>
  <testcase name="getItemsTest" classname="org.example.tests_scripts.ValidTests" time="2.009">
    <system-out><![CDATA[Test End
HTTP/1.1 200 OK
X-Powered-By: Express
Content-Type: application/json; charset=utf-8
Content-Length: 3242
ETag: W/"caa-xA7ANUxJl7Rpk1pTaBL/ojQgGmw"
Date: Thu, 12 Feb 2026 20:45:08 GMT
Connection: keep-alive
Keep-Alive: timeout=5

[
    {
        "id": "1770658634408",
        "name": "phone",
        "description": "This is a new phone",
        "price": 10000,
        "stock": 9
    },
    {
        "id": "1770658829483",
        "name": "phone",
        "description": "This is a new phone",
        "price": 10000,
        "stock": 9
    },
    {
        "id": "1770658948679",
        "name": "phone",
        "description": "This is a new phone",
        "price": 10000,
        "stock": 9
    },
    {
        "id": "1770659100392",
        "name": "phone",
        "description": "This is a new phone",
        "price": 10000,
        "stock": 9
    },
    {
        "id": "1770659212279",
        "name": "phone",
        "description": "This is a new phone",
        "price": 10000,
        "stock": 9
    },
    {
        "id": "1770659450138",
        "name": "phone",
        "description": "This is a new phone",
        "price": 10000,
        "stock": 9
    },
    {
        "id": "1770661178562",
        "name": "phone",
        "description": "This is a new phone",
        "price": 10000,
        "stock": 10
    },
    {
        "id": "1770661217057",
        "name": "phone",
        "description": "This is a new phone",
[...]
        "id": "1770659216440",
        "customerId": "user2",
        "items": [
            {
                "itemId": "1770659212279",
                "name": "phone",
                "price": 10000,
                "quantity": 1
            }
        ],
        "total": 10000,
        "status": "pending",
        "createdAt": 1770659216440,
        "paid": false
    },
    {
        "id": "1770659454278",
        "customerId": "user2",
        "items": [
            {
                "itemId": "1770659450138",
                "name": "phone",
                "price": 10000,
                "quantity": 1
            }
        ],
        "total": 10000,
        "status": "pending",
        "createdAt": 1770659454278,
        "paid": false
    },
    {
        "id": "1770661221274",
        "customerId": "user2",
        "items": [
            {
                "itemId": "1770661217057",
                "name": "phone",
                "price": 10000,
                "quantity": 1
            }
        ],
        "total": 10000,
        "status": "pending",
        "createdAt": 1770661221274,
        "paid": false
    },
    {
        "id": "1770661310555",
        "customerId": "user2",
        "items": [
            {
                "itemId": "1770661306352",
                "name": "phone",
                "price": 10000,
                "quantity": 1
            }
        ],
        "total": 10000,
        "status": "paid",
        "createdAt": 1770661310555,
        "paid": true
    },
    {
        "id": "1770661367287",
        "customerId": "user2",
        "items": [
            {
                "itemId": "1770661363025",
                "name": "phone",
                "price": 10000,
                "quantity": 1
            }
        ],
        "total": 10000,
        "status": "pending",
        "createdAt": 1770661367287,
        "paid": false
    },
    {
        "id": "1770661618789",
        "customerId": "user2",
        "items": [
            {
                "itemId": "1770661614673",
                "name": "phone",
                "price": 10000,
                "quantity": 1
            }
        ],
        "total": 10000,
        "status": "pending",
        "createdAt": 1770661618789,
        "paid": false
    },
    {
        "id": "1770672301485",
        "customerId": "user2",
        "items": [
            {
                "itemId": "1770672285257",
                "name": "phone",
                "price": 10000,
                "quantity": 1
            }
        ],
        "total": 10000,
        "status": "pending",
        "createdAt": 1770672301485,
        "paid": false
    },
    {
        "id": "1770672476729",
        "customerId": "user2",
        "items": [
            {
                "itemId": "1770672468594",
                "name": "phone",
                "price": 10000,
                "quantity": 1
            }
        ],
        "total": 10000,
        "status": "pending",
        "createdAt": 1770672476729,
        "paid": false
    },
    {
        "id": "1770674408752",
        "customerId": "user2",
        "items": [
            {
                "itemId": "1770674386402",
                "name": "phone",
                "price": 10000,
                "quantity": 1
            }
        ],
        "total": 10000,
        "status": "pending",
        "createdAt": 1770674408752,
        "paid": false
    },
    {
        "id": "1770674412832",
        "customerId": "user2",
        "items": [
            {
                "itemId": "1770674392521",
                "name": "phone",
                "price": 10000,
                "quantity": 1
            }
        ],
        "total": 10000,
        "status": "pending",
        "createdAt": 1770674412832,
        "paid": false
    },
    {
        "id": "1770674416896",
        "customerId": "user2",
        "items": [
            {
                "itemId": "1770674398586",
                "name": "phone",
                "price": 10000,
                "quantity": 1
            }
        ],
        "total": 10000,
        "status": "pending",
        "createdAt": 1770674416896,
        "paid": false
    },
    {
        "id": "1770675128044",
        "customerId": "user2",
        "items": [
            {
                "itemId": "1770675105731",
                "name": "phone",
                "price": 10000,
                "quantity": 1
            }
        ],
        "total": 10000,
        "status": "pending",
        "createdAt": 1770675128044,
        "paid": false
    },
    {
        "id": "1770675552409",
        "customerId": "user2",
        "items": [
            {
                "itemId": "1770675548292",
                "name": "phone",
                "price": 10000,
                "quantity": 1
            }
        ],
        "total": 10000,
        "status": "pending",
        "createdAt": 1770675552409,
        "paid": false
    },
    {
        "id": "1770675568651",
        "customerId": "user2",
        "items": [
            {
                "itemId": "1770675564578",
                "name": "phone",
                "price": 10000,
                "quantity": 1
            }
        ],
        "total": 10000,
        "status": "pending",
        "createdAt": 1770675568651,
        "paid": false
    },
    {
        "id": "1770675841003",
        "customerId": "user2",
        "items": [
            {
                "itemId": "1770675836883",
                "name": "phone",
                "price": 10000,
                "quantity": 1
            }
        ],
        "total": 10000,
        "status": "pending",
        "createdAt": 1770675841003,
        "paid": false
    },
    {
        "id": "1770675858260",
        "customerId": "user2",
        "items": [
            {
                "itemId": "1770675854196",
                "name": "phone",
                "price": 10000,
                "quantity": 1
            }
        ],
        "total": 10000,
        "status": "pending",
        "createdAt": 1770675858260,
        "paid": false
    },
    {
        "id": "1770675875682",
        "customerId": "user2",
        "items": [
            {
                "itemId": "1770675871544",
                "name": "phone",
                "price": 10000,
                "quantity": 1
            }
        ],
        "total": 10000,
        "status": "pending",
        "createdAt": 1770675875682,
        "paid": false
    },
    {
        "id": "1770929082180",
        "customerId": "user2",
        "items": [
            {
                "itemId": "1770929064026",
                "name": "phone",
                "price": 10000,
                "quantity": 1
            }
        ],
        "total": 10000,
        "status": "paid",
        "createdAt": 1770929082180,
        "paid": true
    }
]
]]></system-out>
  </testcase>
  <testcase name="getOrderTest" classname="org.example.tests_scripts.ValidTests" time="2.034">
    <system-out><![CDATA[Test End
HTTP/1.1 200 OK
X-Powered-By: Express
Content-Type: application/json; charset=utf-8
Content-Length: 192
ETag: W/"c0-XRVJTkXoi/3EMRIJ2oQd45Zn8xQ"
Date: Thu, 12 Feb 2026 20:45:22 GMT
Connection: keep-alive
Keep-Alive: timeout=5

[
    {
        "id": "1770929086217",
        "customerId": "user4",
        "items": [
            {
                "itemId": "1770929070071",
                "name": "phone",
                "price": 10000,
                "quantity": 1
            }
        ],
        "total": 10000,
        "status": "paid",
        "createdAt": 1770929086217,
        "paid": true
    }
]
]]></system-out>
  </testcase>
  <testcase name="getPaidOrdersTest" classname="org.example.tests_scripts.ValidTests" time="2.031">
    <system-out><![CDATA[Test End
HTTP/1.1 200 OK
X-Powered-By: Express
Content-Type: application/json; charset=utf-8
Content-Length: 1338
ETag: W/"53a-7+cCUpni/OMB5Htr6ZMAaMnJZn4"
Date: Thu, 12 Feb 2026 20:45:24 GMT
Connection: keep-alive
Keep-Alive: timeout=5

[
    {
        "id": "1770661310555",
        "customerId": "user2",
        "items": [
            {
                "itemId": "1770661306352",
                "name": "phone",
                "price": 10000,
                "quantity": 1
            }
        ],
        "total": 10000,
        "status": "paid",
        "createdAt": 1770661310555,
        "paid": true
    },
    {
        "id": "1770918220429",
        "customerId": "user3",
        "items": [
            {
                "itemId": "1770918216339",
                "name": "phone",
                "price": 10000,
                "quantity": 1
            }
        ],
        "total": 10000,
        "status": "paid",
        "createdAt": 1770918220429,
        "paid": true
    },
    {
        "id": "1770918478139",
        "customerId": "user1",
        "items": [
            {
                "itemId": "1770918468017",
                "name": "phone",
                "price": 10000,
                "quantity": 1
            }
        ],
        "total": 10000,
        "status": "paid",
        "createdAt": 1770918478139,
        "paid": true
    },
    {
        "id": "1770929074103",
        "customerId": "user3",
        "items": [
            {
                "itemId": "1770929051932",
                "name": "phone",
                "price": 10000,
                "quantity": 1
            }
        ],
        "total": 10000,
        "status": "paid",
        "createdAt": 1770929074103,
        "paid": true
    },
    {
        "id": "1770929078142",
        "customerId": "user1",
        "items": [
            {
                "itemId": "1770929057983",
                "name": "phone",
                "price": 10000,
                "quantity": 1
            }
        ],
        "total": 10000,
        "status": "paid",
        "createdAt": 1770929078142,
        "paid": true
    },
    {
        "id": "1770929082180",
        "customerId": "user2",
        "items": [
            {
                "itemId": "1770929064026",
                "name": "phone",
                "price": 10000,
                "quantity": 1
            }
        ],
        "total": 10000,
        "status": "paid",
        "createdAt": 1770929082180,
        "paid": true
    },
    {
        "id": "1770929086217",
        "customerId": "user4",
        "items": [
            {
                "itemId": "1770929070071",
                "name": "phone",
                "price": 10000,
                "quantity": 1
            }
        ],
        "total": 10000,
        "status": "paid",
        "createdAt": 1770929086217,
        "paid": true
    }
]
]]></system-out>
  </testcase>
  <testcase name="getPaidOrdersTest" classname="org.example.tests_scripts.ValidTests" time="2.023">
    <system-out><![CDATA[Test End
HTTP/1.1 200 OK
X-Powered-By: Express
Content-Type: application/json; charset=utf-8
Content-Length: 1147
ETag: W/"47b-FgILCgGU6o7AnAK9S/jp7xbwQ+w"
Date: Thu, 12 Feb 2026 20:45:30 GMT
Connection: keep-alive
Keep-Alive: timeout=5

[
    {
        "id": "1770661310555",
        "customerId": "user2",
        "items": [
            {
                "itemId": "1770661306352",
                "name": "phone",
                "price": 10000,
                "quantity": 1
            }
        ],
        "total": 10000,
        "status": "paid",
        "createdAt": 1770661310555,
        "paid": true
    },
    {
        "id": "1770918220429",
        "customerId": "user3",
        "items": [
            {
                "itemId": "1770918216339",
                "name": "phone",
                "price": 10000,
                "quantity": 1
            }
        ],
        "total": 10000,
        "status": "paid",
        "createdAt": 1770918220429,
        "paid": true
    },
    {
        "id": "1770918478139",
        "customerId": "user1",
        "items": [
            {
                "itemId": "1770918468017",
                "name": "phone",
                "price": 10000,
                "quantity": 1
            }
        ],
        "total": 10000,
        "status": "paid",
        "createdAt": 1770918478139,
        "paid": true
    },
    {
        "id": "1770929078142",
        "customerId": "user1",
        "items": [
            {
                "itemId": "1770929057983",
                "name": "phone",
                "price": 10000,
                "quantity": 1
            }
        ],
        "total": 10000,
        "status": "paid",
        "createdAt": 1770929078142,
        "paid": true
    },
    {
        "id": "1770929082180",
        "customerId": "user2",
        "items": [
            {
                "itemId": "1770929064026",
                "name": "phone",
                "price": 10000,
                "quantity": 1
            }
        ],
        "total": 10000,
        "status": "paid",
        "createdAt": 1770929082180,
        "paid": true
    },
    {
        "id": "1770929086217",
        "customerId": "user4",
        "items": [
            {
                "itemId": "1770929070071",
                "name": "phone",
                "price": 10000,
                "quantity": 1
            }
        ],
        "total": 10000,
        "status": "paid",
        "createdAt": 1770929086217,
        "paid": true
    }
]
]]></system-out>
  </testcase>
  <testcase name="getPaidOrdersTest" classname="org.example.tests_scripts.ValidTests" time="2.034">
    <system-out><![CDATA[Test End
HTTP/1.1 200 OK
X-Powered-By: Express
Content-Type: application/json; charset=utf-8
Content-Length: 956
ETag: W/"3bc-oZFTSfra1Rrptp1peve4/hQeVWw"
Date: Thu, 12 Feb 2026 20:45:36 GMT
Connection: keep-alive
Keep-Alive: timeout=5

[
    {
        "id": "1770661310555",
        "customerId": "user2",
        "items": [
            {
                "itemId": "1770661306352",
                "name": "phone",
                "price": 10000,
                "quantity": 1
            }
        ],
        "total": 10000,
        "status": "paid",
        "createdAt": 1770661310555,
        "paid": true
    },
    {
        "id": "1770918220429",
        "customerId": "user3",
        "items": [
            {
                "itemId": "1770918216339",
                "name": "phone",
                "price": 10000,
                "quantity": 1
            }
        ],
        "total": 10000,
        "status": "paid",
        "createdAt": 1770918220429,
        "paid": true
    },
    {
        "id": "1770918478139",
        "customerId": "user1",
        "items": [
            {
                "itemId": "1770918468017",
                "name": "phone",
                "price": 10000,
                "quantity": 1
            }
        ],
        "total": 10000,
        "status": "paid",
        "createdAt": 1770918478139,
        "paid": true
    },
    {
        "id": "1770929082180",
        "customerId": "user2",
        "items": [
            {
                "itemId": "1770929064026",
                "name": "phone",
                "price": 10000,
                "quantity": 1
            }
        ],
        "total": 10000,
        "status": "paid",
        "createdAt": 1770929082180,
        "paid": true
    },
    {
        "id": "1770929086217",
        "customerId": "user4",
        "items": [
            {
                "itemId": "1770929070071",
                "name": "phone",
                "price": 10000,
                "quantity": 1
            }
        ],
        "total": 10000,
        "status": "paid",
        "createdAt": 1770929086217,
        "paid": true
    }
]
]]></system-out>
  </testcase>
  <testcase name="getPaidOrdersTest" classname="org.example.tests_scripts.ValidTests" time="2.028">
    <system-out><![CDATA[Test End
HTTP/1.1 200 OK
X-Powered-By: Express
Content-Type: application/json; charset=utf-8
Content-Length: 765
ETag: W/"2fd-a1GNQTvjgIQdDtYxQJEll5Z1nXY"
Date: Thu, 12 Feb 2026 20:45:42 GMT
Connection: keep-alive
Keep-Alive: timeout=5

[
    {
        "id": "1770661310555",
        "customerId": "user2",
        "items": [
            {
                "itemId": "1770661306352",
                "name": "phone",
                "price": 10000,
                "quantity": 1
            }
        ],
        "total": 10000,
        "status": "paid",
        "createdAt": 1770661310555,
        "paid": true
    },
    {
        "id": "1770918220429",
        "customerId": "user3",
        "items": [
            {
                "itemId": "1770918216339",
                "name": "phone",
                "price": 10000,
                "quantity": 1
            }
        ],
        "total": 10000,
        "status": "paid",
        "createdAt": 1770918220429,
        "paid": true
    },
    {
        "id": "1770918478139",
        "customerId": "user1",
        "items": [
            {
                "itemId": "1770918468017",
                "name": "phone",
                "price": 10000,
                "quantity": 1
            }
        ],
        "total": 10000,
        "status": "paid",
        "createdAt": 1770918478139,
        "paid": true
    },
    {
        "id": "1770929086217",
        "customerId": "user4",
        "items": [
            {
                "itemId": "1770929070071",
                "name": "phone",
                "price": 10000,
                "quantity": 1
            }
        ],
        "total": 10000,
        "status": "paid",
        "createdAt": 1770929086217,
        "paid": true
    }
]
]]></system-out>
  </testcase>
  <testcase name="deleteOrderTest" classname="org.example.tests_scripts.ValidTests" time="1.017">
    <system-out><![CDATA[Test End
HTTP/1.1 204 No Content
X-Powered-By: Express
Date: Thu, 12 Feb 2026 20:45:25 GMT
Connection: keep-alive
Keep-Alive: timeout=5
]]></system-out>
  </testcase>
  <testcase name="deleteOrderTest" classname="org.example.tests_scripts.ValidTests" time="1.016">
    <system-out><![CDATA[Test End
HTTP/1.1 204 No Content
X-Powered-By: Express
Date: Thu, 12 Feb 2026 20:45:31 GMT
Connection: keep-alive
Keep-Alive: timeout=5
]]></system-out>
  </testcase>
  <testcase name="deleteOrderTest" classname="org.example.tests_scripts.ValidTests" time="1.03">
    <system-out><![CDATA[Test End
HTTP/1.1 204 No Content
X-Powered-By: Express
Date: Thu, 12 Feb 2026 20:45:37 GMT
Connection: keep-alive
Keep-Alive: timeout=5
]]></system-out>
  </testcase>
  <testcase name="deleteOrderTest" classname="org.example.tests_scripts.ValidTests" time="1.016">
    <system-out><![CDATA[Test End
HTTP/1.1 204 No Content
X-Powered-By: Express
Date: Thu, 12 Feb 2026 20:45:43 GMT
Connection: keep-alive
Keep-Alive: timeout=5
]]></system-out>
  </testcase>
  <testcase name="deleteItemTest" classname="org.example.tests_scripts.ValidTests" time="3.015">
    <system-out><![CDATA[Test End
HTTP/1.1 204 No Content
X-Powered-By: Express
Date: Thu, 12 Feb 2026 20:45:28 GMT
Connection: keep-alive
Keep-Alive: timeout=5
]]></system-out>
  </testcase>
  <testcase name="deleteItemTest" classname="org.example.tests_scripts.ValidTests" time="3.008">
    <system-out><![CDATA[Test End
HTTP/1.1 204 No Content
X-Powered-By: Express
Date: Thu, 12 Feb 2026 20:45:34 GMT
Connection: keep-alive
Keep-Alive: timeout=5
]]></system-out>
  </testcase>
  <testcase name="deleteItemTest" classname="org.example.tests_scripts.ValidTests" time="3.007">
    <system-out><![CDATA[Test End
HTTP/1.1 204 No Content
X-Powered-By: Express
Date: Thu, 12 Feb 2026 20:45:40 GMT
Connection: keep-alive
Keep-Alive: timeout=5
]]></system-out>
  </testcase>
  <testcase name="deleteItemTest" classname="org.example.tests_scripts.ValidTests" time="3.012">
    <system-out><![CDATA[Test End
HTTP/1.1 204 No Content
X-Powered-By: Express
Date: Thu, 12 Feb 2026 20:45:46 GMT
Connection: keep-alive
Keep-Alive: timeout=5
]]></system-out>
  </testcase>
</testsuite>