<?xml version="1.0" encoding="UTF-8"?>
<!-- Generated by org.testng.reporters.JUnitReportReporter -->
<testsuite hostname="DESKTOP-8OK9CKQ" failures="0" tests="15" name="org.example.tests_scripts.InvalidTests" time="49.037" errors="0" timestamp="2026-02-12T22:45:46 EET" skipped="0">
  <testcase classname="org.example.tests_scripts.InvalidTests" name="EditNotFoundItem" time="4.040"/>
  <testcase classname="org.example.tests_scripts.InvalidTests" name="LoginWithMissingUserName" time="2.016"/>
  <testcase classname="org.example.tests_scripts.InvalidTests" name="LoginWithEmptyUserName" time="2.025"/>
  <testcase classname="org.example.tests_scripts.InvalidTests" name="createItemWithMissingName" time="4.031"/>
  <testcase classname="org.example.tests_scripts.InvalidTests" name="deleteItemCustomer" time="4.025"/>
  <testcase classname="org.example.tests_scripts.InvalidTests" name="EditItemWithNegativePrice" time="4.034"/>
  <testcase classname="org.example.tests_scripts.InvalidTests" name="specialChUserNameTest" time="2.014"/>
  <testcase classname="org.example.tests_scripts.InvalidTests" name="LoginWithInvalidPassword" time="2.050"/>
  <testcase classname="org.example.tests_scripts.InvalidTests" name="DeleteNotFoundItem" time="4.325"/>
  <testcase classname="org.example.tests_scripts.InvalidTests" name="createItemWithNegativePrice" time="4.030"/>
  <testcase classname="org.example.tests_scripts.InvalidTests" name="createOrderWithoutCustomerId" time="4.034"/>
  <testcase classname="org.example.tests_scripts.InvalidTests" name="createItemCustomer" time="4.026"/>
  <testcase classname="org.example.tests_scripts.InvalidTests" name="getItemsUnAuthorized" time="2.028"/>
  <testcase classname="org.example.tests_scripts.InvalidTests" name="invalidCredentialsTest" time="2.012"/>
  <testcase classname="org.example.tests_scripts.InvalidTests" name="EditItemCustomer" time="4.347"/>
</testsuite> <!-- org.example.tests_scripts.InvalidTests -->
