<?xml version="1.0" encoding="UTF-8"?>
<!-- Generated by org.testng.reporters.JUnitReportReporter -->
<testsuite hostname="DESKTOP-8OK9CKQ" failures="0" tests="40" name="org.example.tests_scripts.ValidTests" time="84.760" errors="0" timestamp="2026-02-12T22:45:46 EET" skipped="0">
  <testcase classname="org.example.tests_scripts.ValidTests" name="deleteOrderTest" time="1.017"/>
  <testcase classname="org.example.tests_scripts.ValidTests" name="addItemsTest" time="2.012"/>
  <testcase classname="org.example.tests_scripts.ValidTests" name="getItemsTest" time="2.015"/>
  <testcase classname="org.example.tests_scripts.ValidTests" name="deleteItemTest" time="3.012"/>
  <testcase classname="org.example.tests_scripts.ValidTests" name="editItemsTest" time="2.013"/>
  <testcase classname="org.example.tests_scripts.ValidTests" name="getPaidOrdersTest" time="2.021"/>
  <testcase classname="org.example.tests_scripts.ValidTests" name="editItemsTest" time="2.012"/>
  <testcase classname="org.example.tests_scripts.ValidTests" name="deleteOrderTest" time="1.016"/>
  <testcase classname="org.example.tests_scripts.ValidTests" name="getPaidOrdersTest" time="2.035"/>
  <testcase classname="org.example.tests_scripts.ValidTests" name="addItemsTest" time="2.016"/>
  <testcase classname="org.example.tests_scripts.ValidTests" name="getItemsTest" time="2.009"/>
  <testcase classname="org.example.tests_scripts.ValidTests" name="getOrderTest" time="2.020"/>
  <testcase classname="org.example.tests_scripts.ValidTests" name="checkOutOrderTest" time="3.016"/>
  <testcase classname="org.example.tests_scripts.ValidTests" name="checkOutOrderTest" time="3.012"/>
  <testcase classname="org.example.tests_scripts.ValidTests" name="addItemsTest" time="2.013"/>
  <testcase classname="org.example.tests_scripts.ValidTests" name="deleteOrderTest" time="1.016"/>
  <testcase classname="org.example.tests_scripts.ValidTests" name="getOrderTest" time="2.017"/>
  <testcase classname="org.example.tests_scripts.ValidTests" name="getOrderTest" time="2.037"/>
  <testcase classname="org.example.tests_scripts.ValidTests" name="editItemsTest" time="2.012"/>
  <testcase classname="org.example.tests_scripts.ValidTests" name="deleteItemTest" time="3.007"/>
  <testcase classname="org.example.tests_scripts.ValidTests" name="getItemsTest" time="2.014"/>
  <testcase classname="org.example.tests_scripts.ValidTests" name="getItemsTest" time="2.008"/>
  <testcase classname="org.example.tests_scripts.ValidTests" name="getOrdersTest" time="2.054"/>
  <testcase classname="org.example.tests_scripts.ValidTests" name="deleteItemTest" time="3.015"/>
  <testcase classname="org.example.tests_scripts.ValidTests" name="checkOutOrderTest" time="3.010"/>
  <testcase classname="org.example.tests_scripts.ValidTests" name="createOrderTest" time="2.017"/>
  <testcase classname="org.example.tests_scripts.ValidTests" name="getOrdersTest" time="2.030"/>
  <testcase classname="org.example.tests_scripts.ValidTests" name="addItemsTest" time="2.021"/>
  <testcase classname="org.example.tests_scripts.ValidTests" name="deleteOrderTest" time="1.030"/>
  <testcase classname="org.example.tests_scripts.ValidTests" name="getPaidOrdersTest" time="2.028"/>
  <testcase classname="org.example.tests_scripts.ValidTests" name="createOrderTest" time="2.016"/>
  <testcase classname="org.example.tests_scripts.ValidTests" name="getOrdersTest" time="2.029"/>
  <testcase classname="org.example.tests_scripts.ValidTests" name="getOrdersTest" time="2.029"/>
  <testcase classname="org.example.tests_scripts.ValidTests" name="createOrderTest" time="2.020"/>
  <testcase classname="org.example.tests_scripts.ValidTests" name="checkOutOrderTest" time="3.012"/>
  <testcase classname="org.example.tests_scripts.ValidTests" name="getOrderTest" time="2.028"/>
  <testcase classname="org.example.tests_scripts.ValidTests" name="getPaidOrdersTest" time="2.030"/>
  <testcase classname="org.example.tests_scripts.ValidTests" name="editItemsTest" time="2.014"/>
  <testcase classname="org.example.tests_scripts.ValidTests" name="createOrderTest" time="2.019"/>
  <testcase classname="org.example.tests_scripts.ValidTests" name="deleteItemTest" time="3.008"/>
</testsuite> <!-- org.example.tests_scripts.ValidTests -->
